Log file open, 02/12/22 09:29:56
LogWindows: Failed to load 'aqProf.dll' (GetLastError=126)
LogWindows: File 'aqProf.dll' does not exist
LogWindows: Failed to load 'VtuneApi.dll' (GetLastError=126)
LogWindows: File 'VtuneApi.dll' does not exist
LogWindows: Failed to load 'VtuneApi32e.dll' (GetLastError=126)
LogWindows: File 'VtuneApi32e.dll' does not exist
LogConsoleResponse: Display: Failed to find resolution value strings in scalability ini. Falling back to default.
LogConsoleResponse: Display: Failed to find resolution value strings in scalability ini. Falling back to default.
LogInit: Display: Running engine for game: UEPacman
LogPlatformFile: Not using cached read wrapper
LogTaskGraph: Started task graph with 5 named threads and 23 total threads with 3 sets of task threads.
LogStats: Stats thread started at 0.319165
LogICUInternationalization: ICU TimeZone Detection - Raw Offset: -6:00, Platform Override: ''
LogInit: Display: Loading text-based GConfig....
LogPluginManager: Mounting plugin MeshPainting
LogPluginManager: Mounting plugin XGEController
LogPluginManager: Mounting plugin AISupport
LogPluginManager: Mounting plugin Paper2D
LogPluginManager: Mounting plugin EnvironmentQueryEditor
LogPluginManager: Mounting plugin LightPropagationVolume
LogPluginManager: Mounting plugin LiveLink
LogPluginManager: Mounting plugin CameraShakePreviewer
LogPluginManager: Mounting plugin GameplayCameras
LogPluginManager: Mounting plugin OodleData
LogPluginManager: Mounting plugin OodleNetwork
LogPluginManager: Mounting plugin AnimationSharing
LogPluginManager: Mounting plugin CLionSourceCodeAccess
LogPluginManager: Mounting plugin CodeLiteSourceCodeAccess
LogPluginManager: Mounting plugin GitSourceControl
LogPluginManager: Mounting plugin KDevelopSourceCodeAccess
LogPluginManager: Mounting plugin NullSourceCodeAccess
LogPluginManager: Mounting plugin PerforceSourceControl
LogPluginManager: Mounting plugin PixWinPlugin
LogPluginManager: Mounting plugin PlasticSourceControl
LogPluginManager: Mounting plugin PluginUtils
LogPluginManager: Mounting plugin PropertyAccessNode
LogPluginManager: Mounting plugin SubversionSourceControl
LogPluginManager: Mounting plugin RiderSourceCodeAccess
LogPluginManager: Mounting plugin TextureFormatOodle
LogPluginManager: Mounting plugin UObjectPlugin
LogPluginManager: Mounting plugin AssetManagerEditor
LogPluginManager: Mounting plugin CryptoKeys
LogPluginManager: Mounting plugin VisualStudioCodeSourceCodeAccess
LogPluginManager: Mounting plugin VisualStudioSourceCodeAccess
LogPluginManager: Mounting plugin XCodeSourceCodeAccess
LogPluginManager: Mounting plugin DataValidation
LogPluginManager: Mounting plugin DatasmithContent
LogPluginManager: Mounting plugin FacialAnimation
LogPluginManager: Mounting plugin GameplayTagsEditor
LogPluginManager: Mounting plugin GeometryMode
LogPluginManager: Mounting plugin MacGraphicsSwitching
LogPluginManager: Mounting plugin MaterialAnalyzer
LogPluginManager: Mounting plugin MobileLauncherProfileWizard
LogPluginManager: Mounting plugin PluginBrowser
LogPluginManager: Mounting plugin SpeedTreeImporter
LogPluginManager: Mounting plugin AlembicImporter
LogPluginManager: Mounting plugin VariantManagerContent
LogPluginManager: Mounting plugin AutomationUtils
LogPluginManager: Mounting plugin BackChannel
LogPluginManager: Mounting plugin ChaosCloth
LogPluginManager: Mounting plugin ChaosClothEditor
LogPluginManager: Mounting plugin ChaosEditor
LogPluginManager: Mounting plugin ChaosNiagara
LogPluginManager: Mounting plugin ChaosSolverPlugin
LogPluginManager: Mounting plugin CharacterAI
LogPluginManager: Mounting plugin Niagara
LogPluginManager: Mounting plugin LuminPlatformFeatures
LogPluginManager: Mounting plugin MagicLeap
LogPluginManager: Mounting plugin GeometryCache
LogPluginManager: Mounting plugin GeometryCollectionPlugin
LogPluginManager: Mounting plugin MagicLeapLightEstimation
LogPluginManager: Mounting plugin GeometryProcessing
LogPluginManager: Mounting plugin MagicLeapMedia
LogPluginManager: Mounting plugin MagicLeapPassableWorld
LogPluginManager: Mounting plugin MLSDK
LogPluginManager: Mounting plugin OpenImageDenoise
LogPluginManager: Mounting plugin MotoSynth
LogPluginManager: Mounting plugin PlanarCut
LogPluginManager: Mounting plugin PlatformCrypto
LogPluginManager: Mounting plugin ProxyLODPlugin
LogPluginManager: Mounting plugin PythonScriptPlugin
LogPluginManager: Mounting plugin SkeletalReduction
LogPluginManager: Mounting plugin AndroidMedia
LogPluginManager: Mounting plugin AvfMedia
LogPluginManager: Mounting plugin ImgMedia
LogPluginManager: Mounting plugin MediaCompositing
LogPluginManager: Mounting plugin MediaPlayerEditor
LogPluginManager: Mounting plugin WmfMedia
LogPluginManager: Mounting plugin WebMMedia
LogPluginManager: Mounting plugin TcpMessaging
LogPluginManager: Mounting plugin UdpMessaging
LogPluginManager: Mounting plugin ActorSequence
LogPluginManager: Mounting plugin LevelSequenceEditor
LogPluginManager: Mounting plugin MatineeToLevelSequence
LogPluginManager: Mounting plugin TemplateSequence
LogPluginManager: Mounting plugin CurveEditorTools
LogPluginManager: Mounting plugin OnlineSubsystem
LogPluginManager: Mounting plugin OnlineSubsystemNull
LogPluginManager: Mounting plugin ActorLayerUtilities
LogPluginManager: Mounting plugin OnlineSubsystemUtils
LogPluginManager: Mounting plugin LauncherChunkInstaller
LogPluginManager: Mounting plugin AndroidMoviePlayer
LogPluginManager: Mounting plugin AndroidDeviceProfileSelector
LogPluginManager: Mounting plugin AndroidPermission
LogPluginManager: Mounting plugin AppleImageUtils
LogPluginManager: Mounting plugin AppleMoviePlayer
LogPluginManager: Mounting plugin AssetTags
LogPluginManager: Mounting plugin AudioCapture
LogPluginManager: Mounting plugin AudioSynesthesia
LogPluginManager: Mounting plugin CableComponent
LogPluginManager: Mounting plugin ChunkDownloader
LogPluginManager: Mounting plugin CustomMeshComponent
LogPluginManager: Mounting plugin ExampleDeviceProfileSelector
LogPluginManager: Mounting plugin EditableMesh
LogPluginManager: Mounting plugin GoogleCloudMessaging
LogPluginManager: Mounting plugin GooglePAD
LogPluginManager: Mounting plugin IOSDeviceProfileSelector
LogPluginManager: Mounting plugin LinuxDeviceProfileSelector
LogPluginManager: Mounting plugin LocationServicesBPLibrary
LogPluginManager: Mounting plugin ArchVisCharacter
LogPluginManager: Mounting plugin MobilePatchingUtils
LogPluginManager: Mounting plugin OpenXREyeTracker
LogPluginManager: Mounting plugin OpenXR
LogPluginManager: Mounting plugin PostSplashScreen
LogPluginManager: Mounting plugin PhysXVehicles
LogPluginManager: Mounting plugin OpenXRHandTracking
LogPluginManager: Mounting plugin ProceduralMeshComponent
LogPluginManager: Mounting plugin PropertyAccessEditor
LogPluginManager: Mounting plugin SignificanceManager
LogPluginManager: Mounting plugin SoundFields
LogPluginManager: Mounting plugin RuntimePhysXCooking
LogPluginManager: Mounting plugin ScreenshotTools
LogPluginManager: Mounting plugin Synthesis
LogPluginManager: Mounting plugin WebMMoviePlayer
LogPluginManager: Mounting plugin WindowsMoviePlayer
LogPluginManager: Mounting plugin Takes
LogPluginManager: Mounting plugin ContentBrowserAssetDataSource
LogPluginManager: Mounting plugin ContentBrowserClassDataSource
LogPluginManager: Mounting plugin ContentBrowserFileDataSource
LogPluginManager: Mounting plugin OnlineSubsystemGooglePlay
LogPluginManager: Mounting plugin OnlineSubsystemIOS
LogPluginManager: Mounting plugin OculusVR
LogPluginManager: Mounting plugin SteamVR
PixWinPlugin: PIX capture plugin failed to initialize! Check that the process is launched from PIX.
LogLuminAPIImpl: Warning: MLSDK not found.  This likely means the MLSDK environment variable is not set.
LogInit: Using libcurl 7.55.1-DEV
LogInit:  - built for x86_64-pc-win32
LogInit:  - supports SSL with OpenSSL/1.1.1
LogInit:  - supports HTTP deflate (compression) using libz 1.2.8
LogInit:  - other features:
LogInit:      CURL_VERSION_SSL
LogInit:      CURL_VERSION_LIBZ
LogInit:      CURL_VERSION_IPV6
LogInit:      CURL_VERSION_ASYNCHDNS
LogInit:      CURL_VERSION_LARGEFILE
LogInit:      CURL_VERSION_IDN
LogInit:  CurlRequestOptions (configurable via config and command line):
LogInit:  - bVerifyPeer = true  - Libcurl will verify peer certificate
LogInit:  - bUseHttpProxy = false  - Libcurl will NOT use HTTP proxy
LogInit:  - bDontReuseConnections = false  - Libcurl will reuse connections
LogInit:  - MaxHostConnections = 16  - Libcurl will limit the number of connections to a host
LogInit:  - LocalHostAddr = Default
LogInit:  - BufferSize = 65536
LogOnline: OSS: Creating online subsystem instance for: NULL
LogInit: WinSock: version 1.1 (2.2), MaxSocks=32767, MaxUdp=65467
LogOnline: OSS: TryLoadSubsystemAndSetDefault: Loaded subsystem for module [NULL]
LogOculusPluginWrapper: OculusPlugin initialized successfully
LogHMD: Failed initializing OVRPlugin 1.59.0
LogInit: Build: ++UE4+Release-4.27-CL-18319896
LogInit: Engine Version: 4.27.2-18319896+++UE4+Release-4.27
LogInit: Compatible Engine Version: 4.27.0-17155196+++UE4+Release-4.27
LogInit: Net CL: 17155196
LogInit: OS: Windows 10 (Release 2009) (), CPU: Intel(R) Core(TM) i7-7700HQ CPU @ 2.80GHz, GPU: NVIDIA GeForce GTX 1060
LogInit: Compiled (64-bit): Nov 30 2021 07:12:08
LogInit: Compiled with Visual C++: 19.24.28315.00
LogInit: Build Configuration: Development
LogInit: Branch Name: ++UE4+Release-4.27
LogInit: Command Line:  -EpicPortal -epicusername=Charreton -epicuserid=3a3ecba3af9747bd8d476320d95b6fe0 -epiclocale=en -epicsandboxid=ue
LogInit: Base Directory: C:/Program Files/Epic Games/UE_4.27/Engine/Binaries/Win64/
LogInit: Allocator: TBB
LogInit: Installed Engine Build: 1
LogDevObjectVersion: Number of dev versions registered: 29
LogDevObjectVersion:   Dev-Blueprints (B0D832E4-1F89-4F0D-ACCF-7EB736FD4AA2): 10
LogDevObjectVersion:   Dev-Build (E1C64328-A22C-4D53-A36C-8E866417BD8C): 0
LogDevObjectVersion:   Dev-Core (375EC13C-06E4-48FB-B500-84F0262A717E): 4
LogDevObjectVersion:   Dev-Editor (E4B068ED-F494-42E9-A231-DA0B2E46BB41): 40
LogDevObjectVersion:   Dev-Framework (CFFC743F-43B0-4480-9391-14DF171D2073): 37
LogDevObjectVersion:   Dev-Mobile (B02B49B5-BB20-44E9-A304-32B752E40360): 3
LogDevObjectVersion:   Dev-Networking (A4E4105C-59A1-49B5-A7C5-40C4547EDFEE): 0
LogDevObjectVersion:   Dev-Online (39C831C9-5AE6-47DC-9A44-9C173E1C8E7C): 0
LogDevObjectVersion:   Dev-Physics (78F01B33-EBEA-4F98-B9B4-84EACCB95AA2): 14
LogDevObjectVersion:   Dev-Platform (6631380F-2D4D-43E0-8009-CF276956A95A): 0
LogDevObjectVersion:   Dev-Rendering (12F88B9F-8875-4AFC-A67C-D90C383ABD29): 45
LogDevObjectVersion:   Dev-Sequencer (7B5AE74C-D270-4C10-A958-57980B212A5A): 13
LogDevObjectVersion:   Dev-VR (D7296918-1DD6-4BDD-9DE2-64A83CC13884): 3
LogDevObjectVersion:   Dev-LoadTimes (C2A15278-BFE7-4AFE-6C17-90FF531DF755): 1
LogDevObjectVersion:   Private-Geometry (6EACA3D4-40EC-4CC1-B786-8BED09428FC5): 3
LogDevObjectVersion:   Dev-AnimPhys (29E575DD-E0A3-4627-9D10-D276232CDCEA): 17
LogDevObjectVersion:   Dev-Anim (AF43A65D-7FD3-4947-9873-3E8ED9C1BB05): 15
LogDevObjectVersion:   Dev-ReflectionCapture (6B266CEC-1EC7-4B8F-A30B-E4D90942FC07): 1
LogDevObjectVersion:   Dev-Automation (0DF73D61-A23F-47EA-B727-89E90C41499A): 1
LogDevObjectVersion:   FortniteMain (601D1886-AC64-4F84-AA16-D3DE0DEAC7D6): 47
LogDevObjectVersion:   FortniteRelease (E7086368-6B23-4C58-8439-1B7016265E91): 1
LogDevObjectVersion:   Dev-Enterprise (9DFFBCD6-494F-0158-E221-12823C92A888): 10
LogDevObjectVersion:   Dev-Niagara (F2AED0AC-9AFE-416F-8664-AA7FFA26D6FC): 1
LogDevObjectVersion:   Dev-Destruction (174F1F0B-B4C6-45A5-B13F-2EE8D0FB917D): 10
LogDevObjectVersion:   Dev-Physics-Ext (35F94A83-E258-406C-A318-09F59610247C): 41
LogDevObjectVersion:   Dev-PhysicsMaterial-Chaos (B68FC16E-8B1B-42E2-B453-215C058844FE): 1
LogDevObjectVersion:   Dev-CineCamera (B2E18506-4273-CFC2-A54E-F4BB758BBA07): 1
LogDevObjectVersion:   Dev-VirtualProduction (64F58936-FD1B-42BA-BA96-7289D5D0FA4E): 1
LogDevObjectVersion:   Dev-MediaFramework (6F0ED827-A609-4895-9C91-998D90180EA4): 2
LogInit: Presizing for max 25165824 objects, including 0 objects not considered by GC, pre-allocating 0 bytes for permanent pool.
LogConfig: Applying CVar settings from Section [/Script/Engine.StreamingSettings] File [C:/Users/personal/Documents/GitHub/UEPacMan/UEPacman/Saved/Config/Windows/Engine.ini]
LogConfig: Setting CVar [[s.MinBulkDataSizeForAsyncLoading:131072]]
LogConfig: Setting CVar [[s.AsyncLoadingThreadEnabled:0]]
LogConfig: Setting CVar [[s.EventDrivenLoaderEnabled:1]]
LogConfig: Setting CVar [[s.WarnIfTimeLimitExceeded:0]]
LogConfig: Setting CVar [[s.TimeLimitExceededMultiplier:1.5]]
LogConfig: Setting CVar [[s.TimeLimitExceededMinTime:0.005]]
LogConfig: Setting CVar [[s.UseBackgroundLevelStreaming:1]]
LogConfig: Setting CVar [[s.PriorityAsyncLoadingExtraTime:15.0]]
LogConfig: Setting CVar [[s.LevelStreamingActorsUpdateTimeLimit:5.0]]
LogConfig: Setting CVar [[s.PriorityLevelStreamingActorsUpdateExtraTime:5.0]]
LogConfig: Setting CVar [[s.LevelStreamingComponentsRegistrationGranularity:10]]
LogConfig: Setting CVar [[s.UnregisterComponentsTimeLimit:1.0]]
LogConfig: Setting CVar [[s.LevelStreamingComponentsUnregistrationGranularity:5]]
LogConfig: Setting CVar [[s.FlushStreamingOnExit:1]]
LogInit: Object subsystem initialized
LogConfig: Setting CVar [[con.DebugEarlyDefault:1]]
LogConfig: Setting CVar [[r.setres:1280x720]]
[2022.02.12-15.29.57:520][  0]LogConfig: Setting CVar [[r.VSync:0]]
[2022.02.12-15.29.57:520][  0]LogConfig: Setting CVar [[r.RHICmdBypass:0]]
[2022.02.12-15.29.57:520][  0]LogConfig: Applying CVar settings from Section [/Script/Engine.RendererSettings] File [C:/Users/personal/Documents/GitHub/UEPacMan/UEPacman/Saved/Config/Windows/Engine.ini]
[2022.02.12-15.29.57:520][  0]LogConfig: Setting CVar [[r.GPUCrashDebugging:0]]
[2022.02.12-15.29.57:520][  0]LogConfig: Applying CVar settings from Section [/Script/Engine.RendererOverrideSettings] File [C:/Users/personal/Documents/GitHub/UEPacMan/UEPacman/Saved/Config/Windows/Engine.ini]
[2022.02.12-15.29.57:520][  0]LogConfig: Applying CVar settings from Section [/Script/Engine.StreamingSettings] File [C:/Users/personal/Documents/GitHub/UEPacMan/UEPacman/Saved/Config/Windows/Engine.ini]
[2022.02.12-15.29.57:520][  0]LogConfig: Setting CVar [[s.MinBulkDataSizeForAsyncLoading:131072]]
[2022.02.12-15.29.57:520][  0]LogConfig: Setting CVar [[s.AsyncLoadingThreadEnabled:0]]
[2022.02.12-15.29.57:520][  0]LogConfig: Setting CVar [[s.EventDrivenLoaderEnabled:1]]
[2022.02.12-15.29.57:520][  0]LogConfig: Setting CVar [[s.WarnIfTimeLimitExceeded:0]]
[2022.02.12-15.29.57:520][  0]LogConfig: Setting CVar [[s.TimeLimitExceededMultiplier:1.5]]
[2022.02.12-15.29.57:520][  0]LogConfig: Setting CVar [[s.TimeLimitExceededMinTime:0.005]]
[2022.02.12-15.29.57:520][  0]LogConfig: Setting CVar [[s.UseBackgroundLevelStreaming:1]]
[2022.02.12-15.29.57:520][  0]LogConfig: Setting CVar [[s.PriorityAsyncLoadingExtraTime:15.0]]
[2022.02.12-15.29.57:520][  0]LogConfig: Setting CVar [[s.LevelStreamingActorsUpdateTimeLimit:5.0]]
[2022.02.12-15.29.57:520][  0]LogConfig: Setting CVar [[s.PriorityLevelStreamingActorsUpdateExtraTime:5.0]]
[2022.02.12-15.29.57:520][  0]LogConfig: Setting CVar [[s.LevelStreamingComponentsRegistrationGranularity:10]]
[2022.02.12-15.29.57:520][  0]LogConfig: Setting CVar [[s.UnregisterComponentsTimeLimit:1.0]]
[2022.02.12-15.29.57:520][  0]LogConfig: Setting CVar [[s.LevelStreamingComponentsUnregistrationGranularity:5]]
[2022.02.12-15.29.57:520][  0]LogConfig: Setting CVar [[s.FlushStreamingOnExit:1]]
[2022.02.12-15.29.57:520][  0]LogConfig: Applying CVar settings from Section [/Script/Engine.GarbageCollectionSettings] File [C:/Users/personal/Documents/GitHub/UEPacMan/UEPacman/Saved/Config/Windows/Engine.ini]
[2022.02.12-15.29.57:520][  0]LogConfig: Setting CVar [[gc.MaxObjectsNotConsideredByGC:1]]
[2022.02.12-15.29.57:520][  0]LogConfig: Setting CVar [[gc.SizeOfPermanentObjectPool:0]]
[2022.02.12-15.29.57:520][  0]LogConfig: Setting CVar [[gc.FlushStreamingOnGC:0]]
[2022.02.12-15.29.57:521][  0]LogConfig: Setting CVar [[gc.NumRetriesBeforeForcingGC:10]]
[2022.02.12-15.29.57:521][  0]LogConfig: Setting CVar [[gc.AllowParallelGC:1]]
[2022.02.12-15.29.57:521][  0]LogConfig: Setting CVar [[gc.TimeBetweenPurgingPendingKillObjects:61.1]]
[2022.02.12-15.29.57:521][  0]LogConfig: Setting CVar [[gc.MaxObjectsInEditor:25165824]]
[2022.02.12-15.29.57:521][  0]LogConfig: Setting CVar [[gc.IncrementalBeginDestroyEnabled:1]]
[2022.02.12-15.29.57:521][  0]LogConfig: Setting CVar [[gc.CreateGCClusters:1]]
[2022.02.12-15.29.57:521][  0]LogConfig: Setting CVar [[gc.MinGCClusterSize:5]]
[2022.02.12-15.29.57:521][  0]LogConfig: Setting CVar [[gc.ActorClusteringEnabled:0]]
[2022.02.12-15.29.57:521][  0]LogConfig: Setting CVar [[gc.BlueprintClusteringEnabled:0]]
[2022.02.12-15.29.57:521][  0]LogConfig: Setting CVar [[gc.UseDisregardForGCOnDedicatedServers:0]]
[2022.02.12-15.29.57:521][  0]LogConfig: Setting CVar [[gc.MultithreadedDestructionEnabled:1]]
[2022.02.12-15.29.57:521][  0]LogConfig: Applying CVar settings from Section [/Script/Engine.NetworkSettings] File [C:/Users/personal/Documents/GitHub/UEPacMan/UEPacman/Saved/Config/Windows/Engine.ini]
[2022.02.12-15.29.57:521][  0]LogConfig: Applying CVar settings from Section [/Script/UnrealEd.CookerSettings] File [C:/Users/personal/Documents/GitHub/UEPacMan/UEPacman/Saved/Config/Windows/Engine.ini]
[2022.02.12-15.29.57:545][  0]LogConfig: Applying CVar settings from Section [ViewDistanceQuality@3] File [C:/Users/personal/Documents/GitHub/UEPacMan/UEPacman/Saved/Config/Windows/Scalability.ini]
[2022.02.12-15.29.57:545][  0]LogConfig: Setting CVar [[r.SkeletalMeshLODBias:0]]
[2022.02.12-15.29.57:545][  0]LogConfig: Setting CVar [[r.ViewDistanceScale:1.0]]
[2022.02.12-15.29.57:545][  0]LogConfig: Applying CVar settings from Section [AntiAliasingQuality@3] File [C:/Users/personal/Documents/GitHub/UEPacMan/UEPacman/Saved/Config/Windows/Scalability.ini]
[2022.02.12-15.29.57:545][  0]LogConfig: Setting CVar [[r.PostProcessAAQuality:4]]
[2022.02.12-15.29.57:545][  0]LogConfig: Applying CVar settings from Section [ShadowQuality@3] File [C:/Users/personal/Documents/GitHub/UEPacMan/UEPacman/Saved/Config/Windows/Scalability.ini]
[2022.02.12-15.29.57:545][  0]LogConfig: Setting CVar [[r.LightFunctionQuality:1]]
[2022.02.12-15.29.57:545][  0]LogConfig: Setting CVar [[r.ShadowQuality:5]]
[2022.02.12-15.29.57:545][  0]LogConfig: Setting CVar [[r.Shadow.CSM.MaxCascades:10]]
[2022.02.12-15.29.57:545][  0]LogConfig: Setting CVar [[r.Shadow.MaxResolution:2048]]
[2022.02.12-15.29.57:545][  0]LogConfig: Setting CVar [[r.Shadow.MaxCSMResolution:2048]]
[2022.02.12-15.29.57:545][  0]LogConfig: Setting CVar [[r.Shadow.RadiusThreshold:0.01]]
[2022.02.12-15.29.57:546][  0]LogConfig: Setting CVar [[r.Shadow.DistanceScale:1.0]]
[2022.02.12-15.29.57:546][  0]LogConfig: Setting CVar [[r.Shadow.CSM.TransitionScale:1.0]]
[2022.02.12-15.29.57:546][  0]LogConfig: Setting CVar [[r.Shadow.PreShadowResolutionFactor:1.0]]
[2022.02.12-15.29.57:546][  0]LogConfig: Setting CVar [[r.DistanceFieldShadowing:1]]
[2022.02.12-15.29.57:546][  0]LogConfig: Setting CVar [[r.DistanceFieldAO:1]]
[2022.02.12-15.29.57:546][  0]LogConfig: Setting CVar [[r.AOQuality:2]]
[2022.02.12-15.29.57:546][  0]LogConfig: Setting CVar [[r.VolumetricFog:1]]
[2022.02.12-15.29.57:546][  0]LogConfig: Setting CVar [[r.VolumetricFog.GridPixelSize:8]]
[2022.02.12-15.29.57:546][  0]LogConfig: Setting CVar [[r.VolumetricFog.GridSizeZ:128]]
[2022.02.12-15.29.57:546][  0]LogConfig: Setting CVar [[r.VolumetricFog.HistoryMissSupersampleCount:4]]
[2022.02.12-15.29.57:546][  0]LogConfig: Setting CVar [[r.LightMaxDrawDistanceScale:1]]
[2022.02.12-15.29.57:546][  0]LogConfig: Setting CVar [[r.CapsuleShadows:1]]
[2022.02.12-15.29.57:546][  0]LogConfig: Applying CVar settings from Section [PostProcessQuality@3] File [C:/Users/personal/Documents/GitHub/UEPacMan/UEPacman/Saved/Config/Windows/Scalability.ini]
[2022.02.12-15.29.57:546][  0]LogConfig: Setting CVar [[r.MotionBlurQuality:4]]
[2022.02.12-15.29.57:546][  0]LogConfig: Setting CVar [[r.AmbientOcclusionMipLevelFactor:0.4]]
[2022.02.12-15.29.57:546][  0]LogConfig: Setting CVar [[r.AmbientOcclusionMaxQuality:100]]
[2022.02.12-15.29.57:546][  0]LogConfig: Setting CVar [[r.AmbientOcclusionLevels:-1]]
[2022.02.12-15.29.57:546][  0]LogConfig: Setting CVar [[r.AmbientOcclusionRadiusScale:1.0]]
[2022.02.12-15.29.57:546][  0]LogConfig: Setting CVar [[r.DepthOfFieldQuality:2]]
[2022.02.12-15.29.57:546][  0]LogConfig: Setting CVar [[r.RenderTargetPoolMin:400]]
[2022.02.12-15.29.57:546][  0]LogConfig: Setting CVar [[r.LensFlareQuality:2]]
[2022.02.12-15.29.57:546][  0]LogConfig: Setting CVar [[r.SceneColorFringeQuality:1]]
[2022.02.12-15.29.57:546][  0]LogConfig: Setting CVar [[r.EyeAdaptationQuality:2]]
[2022.02.12-15.29.57:546][  0]LogConfig: Setting CVar [[r.BloomQuality:5]]
[2022.02.12-15.29.57:546][  0]LogConfig: Setting CVar [[r.FastBlurThreshold:100]]
[2022.02.12-15.29.57:546][  0]LogConfig: Setting CVar [[r.Upscale.Quality:3]]
[2022.02.12-15.29.57:546][  0]LogConfig: Setting CVar [[r.Tonemapper.GrainQuantization:1]]
[2022.02.12-15.29.57:546][  0]LogConfig: Setting CVar [[r.LightShaftQuality:1]]
[2022.02.12-15.29.57:546][  0]LogConfig: Setting CVar [[r.Filter.SizeScale:1]]
[2022.02.12-15.29.57:546][  0]LogConfig: Setting CVar [[r.Tonemapper.Quality:5]]
[2022.02.12-15.29.57:546][  0]LogConfig: Setting CVar [[r.DOF.Gather.AccumulatorQuality:1        ; higher gathering accumulator quality]]
[2022.02.12-15.29.57:546][  0]LogConfig: Setting CVar [[r.DOF.Gather.PostfilterMethod:1          ; Median3x3 postfilering method]]
[2022.02.12-15.29.57:546][  0]LogConfig: Setting CVar [[r.DOF.Gather.EnableBokehSettings:0       ; no bokeh simulation when gathering]]
[2022.02.12-15.29.57:546][  0]LogConfig: Setting CVar [[r.DOF.Gather.RingCount:4                 ; medium number of samples when gathering]]
[2022.02.12-15.29.57:546][  0]LogConfig: Setting CVar [[r.DOF.Scatter.ForegroundCompositing:1    ; additive foreground scattering]]
[2022.02.12-15.29.57:546][  0]LogConfig: Setting CVar [[r.DOF.Scatter.BackgroundCompositing:2    ; additive background scattering]]
[2022.02.12-15.29.57:546][  0]LogConfig: Setting CVar [[r.DOF.Scatter.EnableBokehSettings:1      ; bokeh simulation when scattering]]
[2022.02.12-15.29.57:546][  0]LogConfig: Setting CVar [[r.DOF.Scatter.MaxSpriteRatio:0.1         ; only a maximum of 10% of scattered bokeh]]
[2022.02.12-15.29.57:546][  0]LogConfig: Setting CVar [[r.DOF.Recombine.Quality:1                ; cheap slight out of focus]]
[2022.02.12-15.29.57:546][  0]LogConfig: Setting CVar [[r.DOF.Recombine.EnableBokehSettings:0    ; no bokeh simulation on slight out of focus]]
[2022.02.12-15.29.57:546][  0]LogConfig: Setting CVar [[r.DOF.TemporalAAQuality:1                ; more stable temporal accumulation]]
[2022.02.12-15.29.57:546][  0]LogConfig: Setting CVar [[r.DOF.Kernel.MaxForegroundRadius:0.025]]
[2022.02.12-15.29.57:546][  0]LogConfig: Setting CVar [[r.DOF.Kernel.MaxBackgroundRadius:0.025]]
[2022.02.12-15.29.57:546][  0]LogConfig: Applying CVar settings from Section [TextureQuality@3] File [C:/Users/personal/Documents/GitHub/UEPacMan/UEPacman/Saved/Config/Windows/Scalability.ini]
[2022.02.12-15.29.57:546][  0]LogConfig: Setting CVar [[r.Streaming.MipBias:0]]
[2022.02.12-15.29.57:546][  0]LogConfig: Setting CVar [[r.Streaming.AmortizeCPUToGPUCopy:0]]
[2022.02.12-15.29.57:546][  0]LogConfig: Setting CVar [[r.Streaming.MaxNumTexturesToStreamPerFrame:0]]
[2022.02.12-15.29.57:546][  0]LogConfig: Setting CVar [[r.Streaming.Boost:1]]
[2022.02.12-15.29.57:546][  0]LogConfig: Setting CVar [[r.MaxAnisotropy:8]]
[2022.02.12-15.29.57:546][  0]LogConfig: Setting CVar [[r.VT.MaxAnisotropy:8]]
[2022.02.12-15.29.57:546][  0]LogConfig: Setting CVar [[r.Streaming.LimitPoolSizeToVRAM:0]]
[2022.02.12-15.29.57:546][  0]LogConfig: Setting CVar [[r.Streaming.PoolSize:1000]]
[2022.02.12-15.29.57:546][  0]LogConfig: Setting CVar [[r.Streaming.MaxEffectiveScreenSize:0]]
[2022.02.12-15.29.57:546][  0]LogConfig: Applying CVar settings from Section [EffectsQuality@3] File [C:/Users/personal/Documents/GitHub/UEPacMan/UEPacman/Saved/Config/Windows/Scalability.ini]
[2022.02.12-15.29.57:546][  0]LogConfig: Setting CVar [[r.TranslucencyLightingVolumeDim:64]]
[2022.02.12-15.29.57:546][  0]LogConfig: Setting CVar [[r.RefractionQuality:2]]
[2022.02.12-15.29.57:546][  0]LogConfig: Setting CVar [[r.SSR.Quality:3]]
[2022.02.12-15.29.57:546][  0]LogConfig: Setting CVar [[r.SSR.HalfResSceneColor:0]]
[2022.02.12-15.29.57:546][  0]LogConfig: Setting CVar [[r.SceneColorFormat:4]]
[2022.02.12-15.29.57:546][  0]LogConfig: Setting CVar [[r.DetailMode:2]]
[2022.02.12-15.29.57:546][  0]LogConfig: Setting CVar [[r.TranslucencyVolumeBlur:1]]
[2022.02.12-15.29.57:546][  0]LogConfig: Setting CVar [[r.MaterialQualityLevel:1 ; High quality]]
[2022.02.12-15.29.57:547][  0]LogConfig: Setting CVar [[r.AnisotropicMaterials:1]]
[2022.02.12-15.29.57:547][  0]LogConfig: Setting CVar [[r.SSS.Scale:1]]
[2022.02.12-15.29.57:547][  0]LogConfig: Setting CVar [[r.SSS.SampleSet:2]]
[2022.02.12-15.29.57:547][  0]LogConfig: Setting CVar [[r.SSS.Quality:1]]
[2022.02.12-15.29.57:547][  0]LogConfig: Setting CVar [[r.SSS.HalfRes:0]]
[2022.02.12-15.29.57:547][  0]LogConfig: Setting CVar [[r.SSGI.Quality:3]]
[2022.02.12-15.29.57:547][  0]LogConfig: Setting CVar [[r.EmitterSpawnRateScale:1.0]]
[2022.02.12-15.29.57:547][  0]LogConfig: Setting CVar [[r.ParticleLightQuality:2]]
[2022.02.12-15.29.57:547][  0]LogConfig: Setting CVar [[r.SkyAtmosphere.AerialPerspectiveLUT.FastApplyOnOpaque:1 ; Always have FastSkyLUT 1 in this case to avoid wrong sky]]
[2022.02.12-15.29.57:547][  0]LogConfig: Setting CVar [[r.SkyAtmosphere.AerialPerspectiveLUT.SampleCountMaxPerSlice:4]]
[2022.02.12-15.29.57:547][  0]LogConfig: Setting CVar [[r.SkyAtmosphere.AerialPerspectiveLUT.DepthResolution:16.0]]
[2022.02.12-15.29.57:547][  0]LogConfig: Setting CVar [[r.SkyAtmosphere.FastSkyLUT:1]]
[2022.02.12-15.29.57:547][  0]LogConfig: Setting CVar [[r.SkyAtmosphere.FastSkyLUT.SampleCountMin:4.0]]
[2022.02.12-15.29.57:547][  0]LogConfig: Setting CVar [[r.SkyAtmosphere.FastSkyLUT.SampleCountMax:128.0]]
[2022.02.12-15.29.57:547][  0]LogConfig: Setting CVar [[r.SkyAtmosphere.SampleCountMin:4.0]]
[2022.02.12-15.29.57:547][  0]LogConfig: Setting CVar [[r.SkyAtmosphere.SampleCountMax:128.0]]
[2022.02.12-15.29.57:547][  0]LogConfig: Setting CVar [[r.SkyAtmosphere.TransmittanceLUT.UseSmallFormat:0]]
[2022.02.12-15.29.57:547][  0]LogConfig: Setting CVar [[r.SkyAtmosphere.TransmittanceLUT.SampleCount:10.0]]
[2022.02.12-15.29.57:547][  0]LogConfig: Setting CVar [[r.SkyAtmosphere.MultiScatteringLUT.SampleCount:15.0]]
[2022.02.12-15.29.57:547][  0]LogConfig: Setting CVar [[r.SkyLight.RealTimeReflectionCapture:1]]
[2022.02.12-15.29.57:547][  0]LogConfig: Applying CVar settings from Section [FoliageQuality@3] File [C:/Users/personal/Documents/GitHub/UEPacMan/UEPacman/Saved/Config/Windows/Scalability.ini]
[2022.02.12-15.29.57:547][  0]LogConfig: Setting CVar [[foliage.DensityScale:1.0]]
[2022.02.12-15.29.57:547][  0]LogConfig: Setting CVar [[grass.DensityScale:1.0]]
[2022.02.12-15.29.57:547][  0]LogConfig: Applying CVar settings from Section [ShadingQuality@3] File [C:/Users/personal/Documents/GitHub/UEPacMan/UEPacman/Saved/Config/Windows/Scalability.ini]
[2022.02.12-15.29.57:547][  0]LogConfig: Setting CVar [[r.HairStrands.SkyLighting.IntegrationType:2]]
[2022.02.12-15.29.57:547][  0]LogConfig: Setting CVar [[r.HairStrands.SkyAO.SampleCount:4]]
[2022.02.12-15.29.57:547][  0]LogConfig: Setting CVar [[r.HairStrands.Visibility.MSAA.SamplePerPixel:4]]
[2022.02.12-15.29.57:547][  0]LogInit: Selected Device Profile: [Windows]
[2022.02.12-15.29.57:547][  0]LogInit: Applying CVar settings loaded from the selected device profile: [Windows]
[2022.02.12-15.29.57:547][  0]LogHAL: Display: Platform has ~ 24 GB [25626034176 / 34359738368 / 24], which maps to Larger [LargestMinGB=32, LargerMinGB=12, DefaultMinGB=8, SmallerMinGB=6, SmallestMinGB=0)
[2022.02.12-15.29.57:547][  0]LogInit: Going up to parent DeviceProfile []
[2022.02.12-15.29.57:547][  0]LogConfig: Applying CVar settings from Section [ViewDistanceQuality@3] File [C:/Users/personal/Documents/GitHub/UEPacMan/UEPacman/Saved/Config/Windows/Scalability.ini]
[2022.02.12-15.29.57:547][  0]LogConfig: Setting CVar [[r.SkeletalMeshLODBias:0]]
[2022.02.12-15.29.57:548][  0]LogConfig: Setting CVar [[r.ViewDistanceScale:1.0]]
[2022.02.12-15.29.57:548][  0]LogConfig: Applying CVar settings from Section [AntiAliasingQuality@3] File [C:/Users/personal/Documents/GitHub/UEPacMan/UEPacman/Saved/Config/Windows/Scalability.ini]
[2022.02.12-15.29.57:548][  0]LogConfig: Setting CVar [[r.PostProcessAAQuality:4]]
[2022.02.12-15.29.57:548][  0]LogConfig: Applying CVar settings from Section [ShadowQuality@3] File [C:/Users/personal/Documents/GitHub/UEPacMan/UEPacman/Saved/Config/Windows/Scalability.ini]
[2022.02.12-15.29.57:548][  0]LogConfig: Setting CVar [[r.LightFunctionQuality:1]]
[2022.02.12-15.29.57:548][  0]LogConfig: Setting CVar [[r.ShadowQuality:5]]
[2022.02.12-15.29.57:548][  0]LogConfig: Setting CVar [[r.Shadow.CSM.MaxCascades:10]]
[2022.02.12-15.29.57:548][  0]LogConfig: Setting CVar [[r.Shadow.MaxResolution:2048]]
[2022.02.12-15.29.57:548][  0]LogConfig: Setting CVar [[r.Shadow.MaxCSMResolution:2048]]
[2022.02.12-15.29.57:548][  0]LogConfig: Setting CVar [[r.Shadow.RadiusThreshold:0.01]]
[2022.02.12-15.29.57:548][  0]LogConfig: Setting CVar [[r.Shadow.DistanceScale:1.0]]
[2022.02.12-15.29.57:548][  0]LogConfig: Setting CVar [[r.Shadow.CSM.TransitionScale:1.0]]
[2022.02.12-15.29.57:548][  0]LogConfig: Setting CVar [[r.Shadow.PreShadowResolutionFactor:1.0]]
[2022.02.12-15.29.57:548][  0]LogConfig: Setting CVar [[r.DistanceFieldShadowing:1]]
[2022.02.12-15.29.57:548][  0]LogConfig: Setting CVar [[r.DistanceFieldAO:1]]
[2022.02.12-15.29.57:548][  0]LogConfig: Setting CVar [[r.AOQuality:2]]
[2022.02.12-15.29.57:548][  0]LogConfig: Setting CVar [[r.VolumetricFog:1]]
[2022.02.12-15.29.57:548][  0]LogConfig: Setting CVar [[r.VolumetricFog.GridPixelSize:8]]
[2022.02.12-15.29.57:548][  0]LogConfig: Setting CVar [[r.VolumetricFog.GridSizeZ:128]]
[2022.02.12-15.29.57:548][  0]LogConfig: Setting CVar [[r.VolumetricFog.HistoryMissSupersampleCount:4]]
[2022.02.12-15.29.57:548][  0]LogConfig: Setting CVar [[r.LightMaxDrawDistanceScale:1]]
[2022.02.12-15.29.57:548][  0]LogConfig: Setting CVar [[r.CapsuleShadows:1]]
[2022.02.12-15.29.57:548][  0]LogConfig: Applying CVar settings from Section [PostProcessQuality@3] File [C:/Users/personal/Documents/GitHub/UEPacMan/UEPacman/Saved/Config/Windows/Scalability.ini]
[2022.02.12-15.29.57:548][  0]LogConfig: Setting CVar [[r.MotionBlurQuality:4]]
[2022.02.12-15.29.57:548][  0]LogConfig: Setting CVar [[r.AmbientOcclusionMipLevelFactor:0.4]]
[2022.02.12-15.29.57:548][  0]LogConfig: Setting CVar [[r.AmbientOcclusionMaxQuality:100]]
[2022.02.12-15.29.57:548][  0]LogConfig: Setting CVar [[r.AmbientOcclusionLevels:-1]]
[2022.02.12-15.29.57:548][  0]LogConfig: Setting CVar [[r.AmbientOcclusionRadiusScale:1.0]]
[2022.02.12-15.29.57:548][  0]LogConfig: Setting CVar [[r.DepthOfFieldQuality:2]]
[2022.02.12-15.29.57:548][  0]LogConfig: Setting CVar [[r.RenderTargetPoolMin:400]]
[2022.02.12-15.29.57:548][  0]LogConfig: Setting CVar [[r.LensFlareQuality:2]]
[2022.02.12-15.29.57:548][  0]LogConfig: Setting CVar [[r.SceneColorFringeQuality:1]]
[2022.02.12-15.29.57:548][  0]LogConfig: Setting CVar [[r.EyeAdaptationQuality:2]]
[2022.02.12-15.29.57:548][  0]LogConfig: Setting CVar [[r.BloomQuality:5]]
[2022.02.12-15.29.57:548][  0]LogConfig: Setting CVar [[r.FastBlurThreshold:100]]
[2022.02.12-15.29.57:548][  0]LogConfig: Setting CVar [[r.Upscale.Quality:3]]
[2022.02.12-15.29.57:548][  0]LogConfig: Setting CVar [[r.Tonemapper.GrainQuantization:1]]
[2022.02.12-15.29.57:548][  0]LogConfig: Setting CVar [[r.LightShaftQuality:1]]
[2022.02.12-15.29.57:548][  0]LogConfig: Setting CVar [[r.Filter.SizeScale:1]]
[2022.02.12-15.29.57:548][  0]LogConfig: Setting CVar [[r.Tonemapper.Quality:5]]
[2022.02.12-15.29.57:548][  0]LogConfig: Setting CVar [[r.DOF.Gather.AccumulatorQuality:1        ; higher gathering accumulator quality]]
[2022.02.12-15.29.57:548][  0]LogConfig: Setting CVar [[r.DOF.Gather.PostfilterMethod:1          ; Median3x3 postfilering method]]
[2022.02.12-15.29.57:548][  0]LogConfig: Setting CVar [[r.DOF.Gather.EnableBokehSettings:0       ; no bokeh simulation when gathering]]
[2022.02.12-15.29.57:548][  0]LogConfig: Setting CVar [[r.DOF.Gather.RingCount:4                 ; medium number of samples when gathering]]
[2022.02.12-15.29.57:548][  0]LogConfig: Setting CVar [[r.DOF.Scatter.ForegroundCompositing:1    ; additive foreground scattering]]
[2022.02.12-15.29.57:548][  0]LogConfig: Setting CVar [[r.DOF.Scatter.BackgroundCompositing:2    ; additive background scattering]]
[2022.02.12-15.29.57:548][  0]LogConfig: Setting CVar [[r.DOF.Scatter.EnableBokehSettings:1      ; bokeh simulation when scattering]]
[2022.02.12-15.29.57:548][  0]LogConfig: Setting CVar [[r.DOF.Scatter.MaxSpriteRatio:0.1         ; only a maximum of 10% of scattered bokeh]]
[2022.02.12-15.29.57:548][  0]LogConfig: Setting CVar [[r.DOF.Recombine.Quality:1                ; cheap slight out of focus]]
[2022.02.12-15.29.57:548][  0]LogConfig: Setting CVar [[r.DOF.Recombine.EnableBokehSettings:0    ; no bokeh simulation on slight out of focus]]
[2022.02.12-15.29.57:548][  0]LogConfig: Setting CVar [[r.DOF.TemporalAAQuality:1                ; more stable temporal accumulation]]
[2022.02.12-15.29.57:548][  0]LogConfig: Setting CVar [[r.DOF.Kernel.MaxForegroundRadius:0.025]]
[2022.02.12-15.29.57:548][  0]LogConfig: Setting CVar [[r.DOF.Kernel.MaxBackgroundRadius:0.025]]
[2022.02.12-15.29.57:548][  0]LogConfig: Applying CVar settings from Section [TextureQuality@3] File [C:/Users/personal/Documents/GitHub/UEPacMan/UEPacman/Saved/Config/Windows/Scalability.ini]
[2022.02.12-15.29.57:548][  0]LogConfig: Setting CVar [[r.Streaming.MipBias:0]]
[2022.02.12-15.29.57:548][  0]LogConfig: Setting CVar [[r.Streaming.AmortizeCPUToGPUCopy:0]]
[2022.02.12-15.29.57:548][  0]LogConfig: Setting CVar [[r.Streaming.MaxNumTexturesToStreamPerFrame:0]]
[2022.02.12-15.29.57:548][  0]LogConfig: Setting CVar [[r.Streaming.Boost:1]]
[2022.02.12-15.29.57:548][  0]LogConfig: Setting CVar [[r.MaxAnisotropy:8]]
[2022.02.12-15.29.57:548][  0]LogConfig: Setting CVar [[r.VT.MaxAnisotropy:8]]
[2022.02.12-15.29.57:548][  0]LogConfig: Setting CVar [[r.Streaming.LimitPoolSizeToVRAM:0]]
[2022.02.12-15.29.57:548][  0]LogConfig: Setting CVar [[r.Streaming.PoolSize:1000]]
[2022.02.12-15.29.57:548][  0]LogConfig: Setting CVar [[r.Streaming.MaxEffectiveScreenSize:0]]
[2022.02.12-15.29.57:548][  0]LogConfig: Applying CVar settings from Section [EffectsQuality@3] File [C:/Users/personal/Documents/GitHub/UEPacMan/UEPacman/Saved/Config/Windows/Scalability.ini]
[2022.02.12-15.29.57:548][  0]LogConfig: Setting CVar [[r.TranslucencyLightingVolumeDim:64]]
[2022.02.12-15.29.57:548][  0]LogConfig: Setting CVar [[r.RefractionQuality:2]]
[2022.02.12-15.29.57:548][  0]LogConfig: Setting CVar [[r.SSR.Quality:3]]
[2022.02.12-15.29.57:548][  0]LogConfig: Setting CVar [[r.SSR.HalfResSceneColor:0]]
[2022.02.12-15.29.57:548][  0]LogConfig: Setting CVar [[r.SceneColorFormat:4]]
[2022.02.12-15.29.57:548][  0]LogConfig: Setting CVar [[r.DetailMode:2]]
[2022.02.12-15.29.57:548][  0]LogConfig: Setting CVar [[r.TranslucencyVolumeBlur:1]]
[2022.02.12-15.29.57:548][  0]LogConfig: Setting CVar [[r.MaterialQualityLevel:1 ; High quality]]
[2022.02.12-15.29.57:548][  0]LogConfig: Setting CVar [[r.AnisotropicMaterials:1]]
[2022.02.12-15.29.57:548][  0]LogConfig: Setting CVar [[r.SSS.Scale:1]]
[2022.02.12-15.29.57:549][  0]LogConfig: Setting CVar [[r.SSS.SampleSet:2]]
[2022.02.12-15.29.57:549][  0]LogConfig: Setting CVar [[r.SSS.Quality:1]]
[2022.02.12-15.29.57:549][  0]LogConfig: Setting CVar [[r.SSS.HalfRes:0]]
[2022.02.12-15.29.57:549][  0]LogConfig: Setting CVar [[r.SSGI.Quality:3]]
[2022.02.12-15.29.57:549][  0]LogConfig: Setting CVar [[r.EmitterSpawnRateScale:1.0]]
[2022.02.12-15.29.57:549][  0]LogConfig: Setting CVar [[r.ParticleLightQuality:2]]
[2022.02.12-15.29.57:549][  0]LogConfig: Setting CVar [[r.SkyAtmosphere.AerialPerspectiveLUT.FastApplyOnOpaque:1 ; Always have FastSkyLUT 1 in this case to avoid wrong sky]]
[2022.02.12-15.29.57:549][  0]LogConfig: Setting CVar [[r.SkyAtmosphere.AerialPerspectiveLUT.SampleCountMaxPerSlice:4]]
[2022.02.12-15.29.57:549][  0]LogConfig: Setting CVar [[r.SkyAtmosphere.AerialPerspectiveLUT.DepthResolution:16.0]]
[2022.02.12-15.29.57:549][  0]LogConfig: Setting CVar [[r.SkyAtmosphere.FastSkyLUT:1]]
[2022.02.12-15.29.57:549][  0]LogConfig: Setting CVar [[r.SkyAtmosphere.FastSkyLUT.SampleCountMin:4.0]]
[2022.02.12-15.29.57:549][  0]LogConfig: Setting CVar [[r.SkyAtmosphere.FastSkyLUT.SampleCountMax:128.0]]
[2022.02.12-15.29.57:549][  0]LogConfig: Setting CVar [[r.SkyAtmosphere.SampleCountMin:4.0]]
[2022.02.12-15.29.57:549][  0]LogConfig: Setting CVar [[r.SkyAtmosphere.SampleCountMax:128.0]]
[2022.02.12-15.29.57:549][  0]LogConfig: Setting CVar [[r.SkyAtmosphere.TransmittanceLUT.UseSmallFormat:0]]
[2022.02.12-15.29.57:549][  0]LogConfig: Setting CVar [[r.SkyAtmosphere.TransmittanceLUT.SampleCount:10.0]]
[2022.02.12-15.29.57:549][  0]LogConfig: Setting CVar [[r.SkyAtmosphere.MultiScatteringLUT.SampleCount:15.0]]
[2022.02.12-15.29.57:549][  0]LogConfig: Setting CVar [[r.SkyLight.RealTimeReflectionCapture:1]]
[2022.02.12-15.29.57:549][  0]LogConfig: Applying CVar settings from Section [FoliageQuality@3] File [C:/Users/personal/Documents/GitHub/UEPacMan/UEPacman/Saved/Config/Windows/Scalability.ini]
[2022.02.12-15.29.57:549][  0]LogConfig: Setting CVar [[foliage.DensityScale:1.0]]
[2022.02.12-15.29.57:549][  0]LogConfig: Setting CVar [[grass.DensityScale:1.0]]
[2022.02.12-15.29.57:549][  0]LogConfig: Applying CVar settings from Section [ShadingQuality@3] File [C:/Users/personal/Documents/GitHub/UEPacMan/UEPacman/Saved/Config/Windows/Scalability.ini]
[2022.02.12-15.29.57:549][  0]LogConfig: Setting CVar [[r.HairStrands.SkyLighting.IntegrationType:2]]
[2022.02.12-15.29.57:549][  0]LogConfig: Setting CVar [[r.HairStrands.SkyAO.SampleCount:4]]
[2022.02.12-15.29.57:549][  0]LogConfig: Setting CVar [[r.HairStrands.Visibility.MSAA.SamplePerPixel:4]]
[2022.02.12-15.29.57:549][  0]LogConfig: Applying CVar settings from Section [Startup] File [../../../Engine/Config/ConsoleVariables.ini]
[2022.02.12-15.29.57:549][  0]LogConfig: Setting CVar [[net.UseAdaptiveNetUpdateFrequency:0]]
[2022.02.12-15.29.57:549][  0]LogConfig: Setting CVar [[p.chaos.AllowCreatePhysxBodies:1]]
[2022.02.12-15.29.57:549][  0]LogConfig: Setting CVar [[fx.SkipVectorVMBackendOptimizations:1]]
[2022.02.12-15.29.57:549][  0]LogConfig: Applying CVar settings from Section [ConsoleVariables] File [C:/Users/personal/Documents/GitHub/UEPacMan/UEPacman/Saved/Config/Windows/Engine.ini]
[2022.02.12-15.29.57:549][  0]LogConfig: Applying CVar settings from Section [ConsoleVariables] File [C:/Users/personal/Documents/GitHub/UEPacMan/UEPacman/Saved/Config/Windows/Editor.ini]
[2022.02.12-15.29.57:549][  0]LogInit: Computer: CHARRE
[2022.02.12-15.29.57:549][  0]LogInit: User: personal
[2022.02.12-15.29.57:549][  0]LogInit: CPU Page size=4096, Cores=4
[2022.02.12-15.29.57:549][  0]LogInit: High frequency timer resolution =10.000000 MHz
[2022.02.12-15.29.57:549][  0]LogMemory: Memory total: Physical=23.9GB (24GB approx)
[2022.02.12-15.29.57:549][  0]LogMemory: Platform Memory Stats for Windows
[2022.02.12-15.29.57:549][  0]LogMemory: Process Physical Memory: 139.88 MB used, 139.89 MB peak
[2022.02.12-15.29.57:549][  0]LogMemory: Process Virtual Memory: 121.46 MB used, 121.46 MB peak
[2022.02.12-15.29.57:549][  0]LogMemory: Physical Memory: 15182.91 MB used,  9255.98 MB free, 24438.89 MB total
[2022.02.12-15.29.57:549][  0]LogMemory: Virtual Memory: 134198400.00 MB used,  19325.18 MB free, 134217728.00 MB total
[2022.02.12-15.29.58:027][  0]LogWindows: WindowsPlatformFeatures enabled
[2022.02.12-15.29.58:076][  0]LogInit: Physics initialised using underlying interface: PhysX
[2022.02.12-15.29.58:077][  0]LogInit: Using OS detected language (en-US).
[2022.02.12-15.29.58:077][  0]LogInit: Using OS detected locale (es-MX).
[2022.02.12-15.29.58:084][  0]LogTextLocalizationManager: No specific localization for 'en-US' exists, so the 'en' localization will be used.
[2022.02.12-15.29.58:348][  0]LogInit: Setting process to per monitor DPI aware
[2022.02.12-15.29.58:362][  0]LogWindowsTextInputMethodSystem: Display: IME system deactivated.
[2022.02.12-15.29.58:376][  0]LogSlate: New Slate User Created.  User Index 0, Is Virtual User: 0
[2022.02.12-15.29.58:376][  0]LogSlate: Slate User Registered.  User Index 0, Is Virtual User: 0
[2022.02.12-15.29.58:595][  0]LogD3D11RHI: Loaded GFSDK_Aftermath_Lib.x64.dll
[2022.02.12-15.29.58:599][  0]LogHMD: Failed to initialize OpenVR with code 100
[2022.02.12-15.29.58:599][  0]LogD3D11RHI: D3D11 min allowed feature level: 11_0
[2022.02.12-15.29.58:599][  0]LogD3D11RHI: D3D11 max allowed feature level: 11_0
[2022.02.12-15.29.58:599][  0]LogD3D11RHI: D3D11 adapters:
[2022.02.12-15.29.58:720][  0]LogD3D11RHI:    0. 'NVIDIA GeForce GTX 1060' (Feature Level 11_0)
[2022.02.12-15.29.58:720][  0]LogD3D11RHI:       6052/0/12219 MB DedicatedVideo/DedicatedSystem/SharedSystem, Outputs:2, VendorId:0x10de
[2022.02.12-15.29.58:762][  0]LogD3D11RHI:    1. 'Intel(R) HD Graphics 630' (Feature Level 11_0)
[2022.02.12-15.29.58:762][  0]LogD3D11RHI:       128/0/12219 MB DedicatedVideo/DedicatedSystem/SharedSystem, Outputs:0, VendorId:0x8086
[2022.02.12-15.29.58:765][  0]LogD3D11RHI:    2. 'Microsoft Basic Render Driver' (Feature Level 11_0)
[2022.02.12-15.29.58:765][  0]LogD3D11RHI:       0/0/12219 MB DedicatedVideo/DedicatedSystem/SharedSystem, Outputs:0, VendorId:0x1414
[2022.02.12-15.29.58:765][  0]LogD3D11RHI: Chosen D3D11 Adapter:
[2022.02.12-15.29.58:765][  0]LogD3D11RHI:     Description : NVIDIA GeForce GTX 1060
[2022.02.12-15.29.58:765][  0]LogD3D11RHI:     VendorId    : 10de
[2022.02.12-15.29.58:765][  0]LogD3D11RHI:     DeviceId    : 1c60
[2022.02.12-15.29.58:765][  0]LogD3D11RHI:     SubSysId    : 7c01028
[2022.02.12-15.29.58:765][  0]LogD3D11RHI:     Revision    : 00a1
[2022.02.12-15.29.58:765][  0]LogD3D11RHI:     DedicatedVideoMemory : 6345981952 bytes
[2022.02.12-15.29.58:765][  0]LogD3D11RHI:     DedicatedSystemMemory : 0 bytes
[2022.02.12-15.29.58:765][  0]LogD3D11RHI:     SharedSystemMemory : 12813017088 bytes
[2022.02.12-15.29.58:766][  0]LogD3D11RHI:     AdapterLuid : 0 103341
[2022.02.12-15.29.58:778][  0]LogD3D11RHI: Creating new Direct3DDevice
[2022.02.12-15.29.58:778][  0]LogD3D11RHI:     GPU DeviceId: 0x1c60 (for the marketing name, search the web for "GPU Device Id")
[2022.02.12-15.29.58:778][  0]LogWindows: EnumDisplayDevices:
[2022.02.12-15.29.58:778][  0]LogWindows:    0. 'NVIDIA GeForce GTX 1060' (P:1 D:1)
[2022.02.12-15.29.58:778][  0]LogWindows:    1. 'NVIDIA GeForce GTX 1060' (P:0 D:1)
[2022.02.12-15.29.58:779][  0]LogWindows:    2. 'NVIDIA GeForce GTX 1060' (P:0 D:0)
[2022.02.12-15.29.58:779][  0]LogWindows:    3. 'NVIDIA GeForce GTX 1060' (P:0 D:0)
[2022.02.12-15.29.58:779][  0]LogWindows:    4. 'Intel(R) HD Graphics 630' (P:0 D:0)
[2022.02.12-15.29.58:779][  0]LogWindows:    5. 'Intel(R) HD Graphics 630' (P:0 D:0)
[2022.02.12-15.29.58:780][  0]LogWindows:    6. 'Intel(R) HD Graphics 630' (P:0 D:0)
[2022.02.12-15.29.58:780][  0]LogWindows: DebugString: PrimaryIsNotTheChoosenAdapter PrimaryIsNotTheChoosenAdapter PrimaryIsNotTheChoosenAdapter FoundDriverCount:4 
[2022.02.12-15.29.58:780][  0]LogD3D11RHI:     Adapter Name: NVIDIA GeForce GTX 1060
[2022.02.12-15.29.58:780][  0]LogD3D11RHI:   Driver Version: 461.72 (internal:27.21.14.6172, unified:461.72)
[2022.02.12-15.29.58:780][  0]LogD3D11RHI:      Driver Date: 2-23-2021
[2022.02.12-15.29.58:780][  0]LogRHI: Texture pool is 4236 MB (70% of 6052 MB)
[2022.02.12-15.29.58:780][  0]LogD3D11RHI: Creating D3DDevice using adapter:
[2022.02.12-15.29.58:780][  0]LogD3D11RHI:     Description : NVIDIA GeForce GTX 1060
[2022.02.12-15.29.58:780][  0]LogD3D11RHI:     VendorId    : 10de
[2022.02.12-15.29.58:780][  0]LogD3D11RHI:     DeviceId    : 1c60
[2022.02.12-15.29.58:781][  0]LogD3D11RHI:     SubSysId    : 7c01028
[2022.02.12-15.29.58:781][  0]LogD3D11RHI:     Revision    : 00a1
[2022.02.12-15.29.58:781][  0]LogD3D11RHI:     DedicatedVideoMemory : 6345981952 bytes
[2022.02.12-15.29.58:781][  0]LogD3D11RHI:     DedicatedSystemMemory : 0 bytes
[2022.02.12-15.29.58:781][  0]LogD3D11RHI:     SharedSystemMemory : 12813017088 bytes
[2022.02.12-15.29.58:781][  0]LogD3D11RHI:     AdapterLuid : 0 103341
[2022.02.12-15.29.58:925][  0]LogD3D11RHI: RHI has support for 64 bit atomics
[2022.02.12-15.29.58:925][  0]LogD3D11RHI: Async texture creation enabled
[2022.02.12-15.29.58:925][  0]LogD3D11RHI: Array index from any shader is supported
[2022.02.12-15.29.58:959][  0]LogD3D11RHI: GPU Timing Frequency: 1000.000000 (Debug: 2 1)
[2022.02.12-15.29.59:043][  0]LogRHI: GeForceNow SDK initialized: 1
[2022.02.12-15.29.59:497][  0]LogTargetPlatformManager: Display: Loaded TargetPlatform 'AllDesktop'
[2022.02.12-15.29.59:522][  0]LogTargetPlatformManager: Display: Loaded TargetPlatform 'Android'
[2022.02.12-15.29.59:522][  0]LogTargetPlatformManager: Display: Loaded TargetPlatform 'Android_ASTC'
[2022.02.12-15.29.59:522][  0]LogTargetPlatformManager: Display: Loaded TargetPlatform 'Android_DXT'
[2022.02.12-15.29.59:522][  0]LogTargetPlatformManager: Display: Loaded TargetPlatform 'Android_ETC2'
[2022.02.12-15.29.59:522][  0]LogTargetPlatformManager: Display: Loaded TargetPlatform 'AndroidClient'
[2022.02.12-15.29.59:522][  0]LogTargetPlatformManager: Display: Loaded TargetPlatform 'Android_ASTCClient'
[2022.02.12-15.29.59:522][  0]LogTargetPlatformManager: Display: Loaded TargetPlatform 'Android_DXTClient'
[2022.02.12-15.29.59:522][  0]LogTargetPlatformManager: Display: Loaded TargetPlatform 'Android_ETC2Client'
[2022.02.12-15.29.59:522][  0]LogTargetPlatformManager: Display: Loaded TargetPlatform 'Android_Multi'
[2022.02.12-15.29.59:522][  0]LogTargetPlatformManager: Display: Loaded TargetPlatform 'Android_MultiClient'
[2022.02.12-15.29.59:544][  0]LogTargetPlatformManager: Display: Loaded TargetPlatform 'IOSClient'
[2022.02.12-15.29.59:544][  0]LogTargetPlatformManager: Display: Loaded TargetPlatform 'IOS'
[2022.02.12-15.29.59:556][  0]LogTargetPlatformManager: Display: Loaded TargetPlatform 'Linux'
[2022.02.12-15.29.59:564][  0]LogTargetPlatformManager: Display: Loaded TargetPlatform 'LinuxNoEditor'
[2022.02.12-15.29.59:572][  0]LogTargetPlatformManager: Display: Loaded TargetPlatform 'LinuxClient'
[2022.02.12-15.29.59:581][  0]LogTargetPlatformManager: Display: Loaded TargetPlatform 'LinuxServer'
[2022.02.12-15.29.59:604][  0]LogTargetPlatformManager: Display: Loaded TargetPlatform 'LinuxAArch64NoEditor'
[2022.02.12-15.29.59:612][  0]LogTargetPlatformManager: Display: Loaded TargetPlatform 'LinuxAArch64Client'
[2022.02.12-15.29.59:620][  0]LogTargetPlatformManager: Display: Loaded TargetPlatform 'LinuxAArch64Server'
[2022.02.12-15.29.59:657][  0]LogTargetPlatformManager: Display: Loaded TargetPlatform 'Lumin'
[2022.02.12-15.29.59:657][  0]LogTargetPlatformManager: Display: Loaded TargetPlatform 'LuminClient'
[2022.02.12-15.29.59:672][  0]LogTargetPlatformManager: Display: Loaded TargetPlatform 'MacNoEditor'
[2022.02.12-15.29.59:679][  0]LogTargetPlatformManager: Display: Loaded TargetPlatform 'Mac'
[2022.02.12-15.29.59:684][  0]LogTargetPlatformManager: Display: Loaded TargetPlatform 'MacClient'
[2022.02.12-15.29.59:688][  0]LogTargetPlatformManager: Display: Loaded TargetPlatform 'MacServer'
[2022.02.12-15.29.59:700][  0]LogTargetPlatformManager: Display: Loaded TargetPlatform 'TVOSClient'
[2022.02.12-15.29.59:700][  0]LogTargetPlatformManager: Display: Loaded TargetPlatform 'TVOS'
[2022.02.12-15.29.59:712][  0]LogTargetPlatformManager: Display: Loaded TargetPlatform 'WindowsNoEditor'
[2022.02.12-15.29.59:717][  0]LogTargetPlatformManager: Display: Loaded TargetPlatform 'Windows'
[2022.02.12-15.29.59:722][  0]LogTargetPlatformManager: Display: Loaded TargetPlatform 'WindowsClient'
[2022.02.12-15.29.59:728][  0]LogTargetPlatformManager: Display: Loaded TargetPlatform 'WindowsServer'
[2022.02.12-15.29.59:728][  0]LogTargetPlatformManager: Display: Building Assets For Windows
[2022.02.12-15.29.59:737][  0]LogAudioDebug: Display: Lib vorbis DLL was dynamically loaded.
[2022.02.12-15.29.59:781][  0]LogTextureFormatOodle: Display: Oodle Texture 2.9.0 init RDO Off
[2022.02.12-15.29.59:818][  0]LogRendererCore: Ray tracing is disabled. Reason: r.RayTracing=0.
[2022.02.12-15.29.59:818][  0]LogShaderCompilers: Guid format shader working directory is -19 characters bigger than the processId version (../../../../../../Users/personal/Documents/GitHub/UEPacMan/UEPacman/Intermediate/Shaders/WorkingDirectory/31232/).
[2022.02.12-15.29.59:819][  0]LogShaderCompilers: Cleaned the shader compiler working directory 'C:/Users/personal/AppData/Local/Temp/UnrealShaderWorkingDir/14AB46564BF99D79406FB491F285553D/'.
[2022.02.12-15.29.59:819][  0]LogXGEController: Cannot use XGE Controller as Incredibuild is not installed on this machine.
[2022.02.12-15.29.59:819][  0]LogShaderCompilers: Cannot use XGE Shader Compiler as Incredibuild is not installed on this machine.
[2022.02.12-15.29.59:819][  0]LogShaderCompilers: Display: Using Local Shader Compiler.
[2022.02.12-15.30.00:852][  0]LogDerivedDataCache: Display: Max Cache Size: 512 MB
[2022.02.12-15.30.00:928][  0]LogDerivedDataCache: Loaded boot cache 0.08s 100MB C:/Users/personal/AppData/Local/UnrealEngine/4.27/DerivedDataCache/Boot.ddc.
[2022.02.12-15.30.00:928][  0]LogDerivedDataCache: Display: Loaded Boot cache: C:/Users/personal/AppData/Local/UnrealEngine/4.27/DerivedDataCache/Boot.ddc
[2022.02.12-15.30.00:929][  0]LogDerivedDataCache: FDerivedDataBackendGraph:  Pak pak cache file ../../../../../../Users/personal/Documents/GitHub/UEPacMan/UEPacman/DerivedDataCache/DDC.ddp not found, will not use a pak cache.
[2022.02.12-15.30.00:929][  0]LogDerivedDataCache: Unable to find inner node Pak for hierarchical cache Hierarchy.
[2022.02.12-15.30.00:929][  0]LogDerivedDataCache: FDerivedDataBackendGraph:  CompressedPak pak cache file ../../../../../../Users/personal/Documents/GitHub/UEPacMan/UEPacman/DerivedDataCache/Compressed.ddp not found, will not use a pak cache.
[2022.02.12-15.30.00:929][  0]LogDerivedDataCache: Unable to find inner node CompressedPak for hierarchical cache Hierarchy.
[2022.02.12-15.30.00:949][  0]LogDerivedDataCache: Display: Pak cache opened for reading ../../../Engine/DerivedDataCache/Compressed.ddp.
[2022.02.12-15.30.00:949][  0]LogDerivedDataCache: FDerivedDataBackendGraph:  EnterprisePak pak cache file ../../../Enterprise/DerivedDataCache/Compressed.ddp not found, will not use a pak cache.
[2022.02.12-15.30.00:950][  0]LogDerivedDataCache: Unable to find inner node EnterprisePak for hierarchical cache Hierarchy.
[2022.02.12-15.30.00:969][  0]LogDerivedDataCache: Speed tests for C:/Users/personal/AppData/Local/UnrealEngine/Common/DerivedDataCache took 0.02 seconds
[2022.02.12-15.30.00:969][  0]LogDerivedDataCache: Display: Performance to C:/Users/personal/AppData/Local/UnrealEngine/Common/DerivedDataCache: Latency=0.04ms. RandomReadSpeed=631.62MBs, RandomWriteSpeed=54.52MBs. Assigned SpeedClass 'Local'
[2022.02.12-15.30.00:970][  0]LogDerivedDataCache: Using Local data cache path C:/Users/personal/AppData/Local/UnrealEngine/Common/DerivedDataCache: Writable
[2022.02.12-15.30.00:970][  0]LogDerivedDataCache: Shared data cache path not found in *engine.ini, will not use an Shared cache.
[2022.02.12-15.30.00:970][  0]LogDerivedDataCache: Unable to find inner node Shared for hierarchical cache Hierarchy.
[2022.02.12-15.30.01:050][  0]LogSlate: Using FreeType 2.10.0
[2022.02.12-15.30.01:051][  0]LogSlate: SlateFontServices - WITH_FREETYPE: 1, WITH_HARFBUZZ: 1
[2022.02.12-15.30.01:089][  0]LogAssetRegistry: FAssetRegistry took 0.0044 seconds to start up
[2022.02.12-15.30.01:391][  0]LogInit: Selected Device Profile: [Windows]
[2022.02.12-15.30.01:392][  0]LogInit: Active device profile: [000001E6E04DB100][000001E6D6479680 49] Windows
[2022.02.12-15.30.01:392][  0]LogInit: Profiles: [000001E6E04DB100][000001E6D6479680 49] Windows, [000001E6E04A1100][000001E6D6481800 49] WindowsNoEditor, [000001E6E04D9100][000001E6E1161980 49] WindowsServer, [000001E6E04A2700][000001E6E1165B00 49] WindowsClient, [000001E6E04DA600][000001E6E1168100 49] IOS, [000001E6E04A3700][000001E6E116C280 49] iPadAir, [000001E6E04DBB00][000001E6E1170400 49] iPadAir2, [000001E6E044F400][000001E6E11786C0 49] IPadPro, [000001E6E044F500][000001E6E1174700 49] iPadAir3, [000001E6E04D8700][000001E6E117C880 49] iPadAir4, [000001E6E044D600][000001E6D647C9C0 49] iPadMini2, [000001E6E04DBE00][000001E6E1180B00 49] iPadMini3, [000001E6E044CE00][000001E6E1184C40 49] iPadMini4, [000001E6E04D9F00][000001E6E1188D80 49] iPadMini5, [000001E6E048E700][000001E6E1195040 49] iPhone6, [000001E6E048E800][000001E6E1191080 49] iPodTouch6, [000001E6E044C900][000001E6E119D340 49] iPhone7, [000001E6E044C800][000001E6E1199380 49] iPodTouch7, [000001E6E048D500][000001E6E11A1500 49] iPhone5S, [000001E6E044CA00][000001E6E11A5680 49] iPhone6Plus, [000001E6E048CE00][000001E6E11A9800 49] iPhone6S, [000001E6E044F600][000001E6E11AD980 49] iPhone6SPlus, [000001E6E048FB00][000001E6E11B1B00 49] iPhone7Plus, [000001E6E044EA00][000001E6E11B4100 49] iPhoneSE, [000001E6E048C100][000001E6E11B8280 49] iPhone8, [000001E6E044CF00][000001E6E11BC400 49] iPhone8Plus, [000001E6E048D800][000001E6E11C0580 49] iPhoneX, [000001E6E044FA00][000001E6E11C4700 49] iPhoneXS, [000001E6E048CC00][000001E6E11C8880 49] iPhoneXSMax, [000001E6E044D800][000001E6E11CCA00 49] iPhoneXR, [000001E6E048E000][000001E6E118CB40 49] iPhone11, [000001E6E044F800][000001E6E11D0C80 49] iPhone11Pro, [000001E6E048DE00][000001E6E11D4DC0 49] iPhone11ProMax, [000001E6E044DA00][000001E6E11D8F00 49] iPhoneSE2, [000001E6E048EF00][000001E6E11E1080 49] iPhone12Mini, [000001E6E044E700][000001E6E11E5200 49] iPhone12, [000001E6E048D300][000001E6E11E9380 49] iPhone12Pro, [000001E6E044EF00][000001E6E11ED500 49] iPhone12ProMax, [000001E6E048F800][000001E6E11F1680 49] iPadPro105, [000001E6E044F100][000001E6E11F5800 49] iPadPro129, [000001E6E048CB00][000001E6E11F9980 49] iPadPro97, [000001E6E044D400][000001E6E11FDB00 49] iPadPro2_129, [000001E6E048E900][000001E6E1200100 49] iPad5, [000001E6E044ED00][000001E6E1204280 49] iPad6, [000001E6E048EC00][000001E6E1208400 49] iPad7, [000001E6E044E300][000001E6E120C580 49] iPad8, [000001E6E048CA00][000001E6E1210700 49] iPadPro11, [000001E6E044D100][000001E6E1214880 49] iPadPro2_11, [000001E6E048F900][000001E6E1218A00 49] iPadPro3_129, [000001E6E044FE00][000001E6E121CB80 49] iPadPro4_129, [000001E6E048D600][000001E6E1220D00 49] AppleTV, [000001E6E044E500][000001E6E11DCE40 49] AppleTV4K, [000001E6E048C400][000001E6E1224F80 49] TVOS, [000001E6E044E200][000001E6E12290C0 49] Mac, [000001E6E04A0100][000001E6E1231240 49] MacClient, [000001E6E0516400][000001E6E12353C0 49] MacNoEditor, [000001E6E04A1000][000001E6E1239540 49] MacServer, [000001E6E0515900][000001E6E123D6C0 49] Linux, [000001E6E04A0A00][000001E6E1241840 49] LinuxAArch64, [000001E6E0515100][000001E6E12459C0 49] LinuxNoEditor, [000001E6E04A0200][000001E6E1249B40 49] LinuxAArch64NoEditor, [000001E6E0514400][000001E6E124C140 49] LinuxClient, [000001E6E04A1C00][000001E6E12502C0 49] LinuxAArch64Client, [000001E6E0514200][000001E6E1254440 49] LinuxServer, [000001E6E04A1F00][000001E6E12585C0 49] LinuxAArch64Server, [000001E6E0515D00][000001E6E125C740 49] Android, [000001E6E04A1200][000001E6E12608C0 49] Android_Low, [000001E6E0515F00][000001E6E1264A40 49] Android_Mid, [000001E6E04A0800][000001E6E1268BC0 49] Android_High, [000001E6E0514500][000001E6E126CD40 49] Android_Default, [000001E6E04A3400][000001E6E1270EC0 49] Android_Adreno4xx, [000001E6E0515600][000001E6E122D000 49] Android_Adreno5xx_Low, [000001E6E04A1800][000001E6E1275140 49] Android_Adreno5xx, [000001E6E0514A00][000001E6E1279280 49] Android_Adreno6xx, [000001E6E044EE00][000001E6E127D3C0 49] Android_Adreno6xx_Vulkan, [000001E6E048F100][000001E6E1285540 49] Android_Mali_T6xx, [000001E6E044F900][000001E6E12896C0 49] Android_Mali_T7xx, [000001E6E048E100][000001E6E128D840 49] Android_Mali_T8xx, [000001E6E044DD00][000001E6E13079C0 49] Android_Mali_G71, [000001E6E048CF00][000001E6E130BB40 49] Android_Mali_G72, [000001E6E044F300][000001E6E1386140 49] Android_Mali_G72_Vulkan, [000001E6E048DB00][000001E6E138E2C0 49] Android_Mali_G76, [000001E6E044F700][000001E6E139E440 49] Android_Mali_G76_Vulkan, [000001E6E0516100][000001E6E13A25C0 49] Android_Mali_G77, [000001E6E044D700][000001E6E13B0740 49] Android_Mali_G77_Vulkan, [000001E6E0515500][000001E6E13C08C0 49] Android_Mali_G78, [000001E6E044D200][000001E6E1400A40 49] Android_Mali_G78_Vulkan, [000001E6E0514900][000001E6E1466BC0 49] Android_Mali_G710, [000001E6E044FD00][000001E6E147AD40 49] Android_Mali_G710_Vulkan, [000001E6E0514D00][000001E6E155CEC0 49] Android_Vulkan_SM5, [000001E6E044D500][000001E6E1D95040 49] Android_PowerVR_G6xxx, [000001E6E0515B00][000001E6E1281180 49] Android_PowerVR_GT7xxx, [000001E6E044DC00][000001E6E1D992C0 49] Android_PowerVR_GE8xxx, [000001E6E0515800][000001E6E1D9D400 49] Android_PowerVR_GM9xxx, [000001E6E044CC00][000001E6E1DA1540 49] Android_PowerVR_GM9xxx_Vulkan, [000001E6E0515C00][000001E6E1DA96C0 49] Android_TegraK1, [000001E6E044DB00][000001E6E1DAD840 49] Android_Unknown_Vulkan, [000001E6E048D900][000001E6E1DB19C0 49] Lumin, [000001E6E044C500][000001E6E1DCDB40 49] Lumin_Desktop, [000001E6E048ED00][000001E6E1E66140 49] HoloLens, 
[2022.02.12-15.30.01:811][  0]LogMeshReduction: Using QuadricMeshReduction for automatic static mesh reduction
[2022.02.12-15.30.01:811][  0]LogMeshReduction: Using SimplygonMeshReduction for automatic skeletal mesh reduction
[2022.02.12-15.30.01:811][  0]LogMeshReduction: Using ProxyLODMeshReduction for automatic mesh merging
[2022.02.12-15.30.01:811][  0]LogMeshReduction: No distributed automatic mesh merging module available
[2022.02.12-15.30.01:811][  0]LogMeshMerging: No distributed automatic mesh merging module available
[2022.02.12-15.30.01:832][  0]LogNetVersion: UEPacman 1.0.0, NetCL: 17155196, EngineNetVer: 17, GameNetVer: 0 (Checksum: 632713966)
[2022.02.12-15.30.02:312][  0]LogTexture: Default maximum texture size for cubemaps generated from long-lat sources has been changed from 512 to unlimited. In order to preserve old behaiour for '/Engine/MapTemplates/Sky/DaylightAmbientCubemap.DaylightAmbientCubemap', its maximum texture size has been explicitly set to 512.
[2022.02.12-15.30.02:382][  0]LogHMD: PokeAHoleMaterial loaded successfully
[2022.02.12-15.30.02:388][  0]LogUObjectArray: 17178 objects as part of root set at end of initial load.
[2022.02.12-15.30.02:388][  0]LogUObjectAllocator: 4302048 out of 0 bytes used by permanent object pool.
[2022.02.12-15.30.02:388][  0]LogUObjectArray: CloseDisregardForGC: 0/0 objects in disregard for GC pool
[2022.02.12-15.30.03:515][  0]LogNiagaraDebuggerClient: Niagara Debugger Client Initialized | Session: AD850559432962DA3DE6A9B61B03205D | Instance: C669749A48701CD4983553AA4E29D7AF (CHARRE-31232).
[2022.02.12-15.30.03:697][  0]LogPython: Using Python 3.7.7
[2022.02.12-15.30.04:463][  0]LogTcpMessaging: Initializing TcpMessaging bridge
[2022.02.12-15.30.04:486][  0]LogUdpMessaging: Initializing bridge on interface 0.0.0.0:0 to multicast group 230.0.0.1:6666.
[2022.02.12-15.30.04:745][  0]SourceControl: Source control is disabled
[2022.02.12-15.30.04:746][  0]SourceControl: Source control is disabled
[2022.02.12-15.30.04:751][  0]SourceControl: Source control is disabled
[2022.02.12-15.30.04:755][  0]SourceControl: Source control is disabled
[2022.02.12-15.30.04:762][  0]SourceControl: Source control is disabled
[2022.02.12-15.30.04:796][  0]LogUProjectInfo: Found projects:
[2022.02.12-15.30.05:103][  0]LogOpenImageDenoise: OIDN starting up
[2022.02.12-15.30.05:159][  0]LogAndroidPermission: UAndroidPermissionCallbackProxy::GetInstance
[2022.02.12-15.30.05:179][  0]LogAudioCaptureCore: Display: No Audio Capture implementations found. Audio input will be silent.
[2022.02.12-15.30.05:179][  0]LogAudioCaptureCore: Display: No Audio Capture implementations found. Audio input will be silent.
[2022.02.12-15.30.05:367][  0]LogCollectionManager: Loaded 0 collections in 0.002548 seconds
[2022.02.12-15.30.05:397][  0]LogFileCache: Scanning file cache for directory 'C:/Users/personal/Documents/GitHub/UEPacMan/UEPacman/Saved/Collections/' took 0.00s
[2022.02.12-15.30.05:397][  0]LogFileCache: Scanning file cache for directory 'C:/Users/personal/Documents/GitHub/UEPacMan/UEPacman/Content/Developers/personal/Collections/' took 0.00s
[2022.02.12-15.30.05:397][  0]LogFileCache: Scanning file cache for directory 'C:/Users/personal/Documents/GitHub/UEPacMan/UEPacman/Content/Collections/' took 0.00s
[2022.02.12-15.30.05:397][  0]LogOcInput: OculusInput pre-init called
[2022.02.12-15.30.05:697][  0]LogEngine: Initializing Engine...
[2022.02.12-15.30.05:706][  0]LogHMD: Failed to enumerate extensions. Please check that you have a valid OpenXR runtime installed.
[2022.02.12-15.30.05:707][  0]LogHMD: Failed to initialize OpenVR with code 100
[2022.02.12-15.30.05:707][  0]LogMagicLeap: Warning: VR disabled because ZI is not enabled.  To enable, in the editor, Edit -> Project Settings -> Plugins -> Magic Leap Plugin -> Enable Zero Iteration
[2022.02.12-15.30.05:708][  0]LogStats: UGameplayTagsManager::InitializeManager -  0.000 s
[2022.02.12-15.30.05:875][  0]LogInit: Initializing FReadOnlyCVARCache
[2022.02.12-15.30.05:887][  0]LogAIModule: Creating AISystem for world Untitled
[2022.02.12-15.30.05:890][  0]LogAudio: Display: Initializing Audio Device Manager...
[2022.02.12-15.30.05:893][  0]LogAudio: Display: Loading Default Audio Settings Objects...
[2022.02.12-15.30.05:894][  0]LogAudio: Display: No default SoundConcurrencyObject specified (or failed to load).
[2022.02.12-15.30.05:895][  0]LogAudio: Display: Audio Device Manager Initialized
[2022.02.12-15.30.05:895][  0]LogAudio: Display: Creating Audio Device:                 Id: 1, Scope: Shared, Realtime: True
[2022.02.12-15.30.05:895][  0]LogAudioMixer: Display: Audio Mixer Platform Settings:
[2022.02.12-15.30.05:895][  0]LogAudioMixer: Display: 	Sample Rate:						  48000
[2022.02.12-15.30.05:895][  0]LogAudioMixer: Display: 	Callback Buffer Frame Size Requested: 1024
[2022.02.12-15.30.05:895][  0]LogAudioMixer: Display: 	Callback Buffer Frame Size To Use:	  1024
[2022.02.12-15.30.05:895][  0]LogAudioMixer: Display: 	Number of buffers to queue:			  2
[2022.02.12-15.30.05:895][  0]LogAudioMixer: Display: 	Max Channels (voices):				  32
[2022.02.12-15.30.05:895][  0]LogAudioMixer: Display: 	Number of Async Source Workers:		  0
[2022.02.12-15.30.05:895][  0]LogAudio: Display: AudioDevice MaxSources: 32
[2022.02.12-15.30.05:895][  0]LogAudio: Display: Audio Spatialization Plugin: None (built-in).
[2022.02.12-15.30.05:895][  0]LogAudio: Display: Audio Reverb Plugin: None (built-in).
[2022.02.12-15.30.05:895][  0]LogAudio: Display: Audio Occlusion Plugin: None (built-in).
[2022.02.12-15.30.05:895][  0]LogAudioMixer: Display: Initializing audio mixer.
[2022.02.12-15.30.05:928][  0]LogAudioMixer: Display: 0: FrontLeft
[2022.02.12-15.30.05:928][  0]LogAudioMixer: Display: 1: FrontRight
[2022.02.12-15.30.05:928][  0]LogAudioMixer: Display: 2: FrontCenter
[2022.02.12-15.30.05:928][  0]LogAudioMixer: Display: 3: LowFrequency
[2022.02.12-15.30.05:928][  0]LogAudioMixer: Display: 4: BackLeft
[2022.02.12-15.30.05:929][  0]LogAudioMixer: Display: 5: BackRight
[2022.02.12-15.30.05:929][  0]LogAudioMixer: Display: 6: SideLeft
[2022.02.12-15.30.05:929][  0]LogAudioMixer: Display: 7: SideRight
[2022.02.12-15.30.06:029][  0]LogAudioMixer: Display: Using Audio Device Speakers / Headphones (Realtek Audio)
[2022.02.12-15.30.06:033][  0]LogAudioMixer: Display: Initializing Sound Submixes...
[2022.02.12-15.30.06:036][  0]LogAudioMixer: Display: Creating Master Submix 'MasterSubmixDefault'
[2022.02.12-15.30.06:036][  0]LogAudioMixer: Display: Creating Master Submix 'MasterReverbSubmixDefault'
[2022.02.12-15.30.06:037][  0]LogAudioMixer: Display: Creating Master Submix 'MasterEQSubmixDefault'
[2022.02.12-15.30.06:037][  0]LogAudioMixer: FMixerPlatformXAudio2::StartAudioStream() called
[2022.02.12-15.30.06:037][  0]LogAudioMixer: Display: Output buffers initialized: Frames=1024, Channels=8, Samples=8192
[2022.02.12-15.30.06:038][  0]LogAudioMixer: Display: Starting AudioMixerPlatformInterface::RunInternal()
[2022.02.12-15.30.06:038][  0]LogAudioMixer: Display: FMixerPlatformXAudio2::SubmitBuffer() called for the first time
[2022.02.12-15.30.06:038][  0]LogInit: FAudioDevice initialized.
[2022.02.12-15.30.06:039][  0]LogAudio: Display: Audio Device (ID: 1) registered with world 'Untitled'.
[2022.02.12-15.30.06:039][  0]LogNetVersion: Set ProjectVersion to 1.0.0.0. Version Checksum will be recalculated on next use.
[2022.02.12-15.30.06:230][  0]LogDerivedDataCache: Saved boot cache 0.19s 100MB C:/Users/personal/AppData/Local/UnrealEngine/4.27/DerivedDataCache/Boot.ddc.
[2022.02.12-15.30.06:231][  0]LogInit: Texture streaming: Enabled
[2022.02.12-15.30.06:249][  0]LogAnalytics: Display: [UEEditor.Rocket.Release] APIServer = https://datarouter.ol.epicgames.com/. AppVersion = 4.27.2-18319896+++UE4+Release-4.27
[2022.02.12-15.30.06:254][  0]LogEngineSessionManager: EngineSessionManager initialized
[2022.02.12-15.30.06:254][  0]LogEditorSessionSummary: Verbose: Initializing EditorSessionSummaryWriter for editor session tracking
[2022.02.12-15.30.06:257][  0]LogEditorSessionSummary: EditorSessionSummaryWriter initialized
[2022.02.12-15.30.06:281][  0]LogInit: Transaction tracking system initialized
[2022.02.12-15.30.06:305][  0]BlueprintLog: New page: Editor Load
[2022.02.12-15.30.06:391][  0]LocalizationService: Localization service is disabled
[2022.02.12-15.30.06:422][  0]TimingProfiler: Initialize
[2022.02.12-15.30.06:422][  0]TimingProfiler: OnSessionChanged
[2022.02.12-15.30.06:422][  0]LoadingProfiler: Initialize
[2022.02.12-15.30.06:422][  0]LoadingProfiler: OnSessionChanged
[2022.02.12-15.30.06:422][  0]NetworkingProfiler: Initialize
[2022.02.12-15.30.06:422][  0]NetworkingProfiler: OnSessionChanged
[2022.02.12-15.30.06:422][  0]MemoryProfiler: Initialize
[2022.02.12-15.30.06:422][  0]MemoryProfiler: OnSessionChanged
[2022.02.12-15.30.06:633][  0]LogCook: Display: CookSettings for Memory: MemoryMaxUsedVirtual 0MiB, MemoryMaxUsedPhysical 16384MiB, MemoryMinFreeVirtual 0MiB, MemoryMinFreePhysical 1024MiB
[2022.02.12-15.30.06:633][  0]LogCook: Display: Mobile HDR setting 1
[2022.02.12-15.30.06:688][  0]LogFileCache: Scanning file cache for directory 'C:/Users/personal/Documents/GitHub/UEPacMan/UEPacman/Content/' took 0.00s
[2022.02.12-15.30.07:074][  0]LogInit: Display: Engine is initialized. Leaving FEngineLoop::Init()
[2022.02.12-15.30.07:105][  0]SourceControl: Source control is disabled
[2022.02.12-15.30.07:106][  0]LogUnrealEdMisc: Loading editor; pre map load, took 11.330
[2022.02.12-15.30.07:106][  0]Cmd: MAP LOAD FILE="../../../Engine/Content/Maps/Templates/Template_Default.umap" TEMPLATE=1 SHOWPROGRESS=1 FEATURELEVEL=3
[2022.02.12-15.30.07:106][  0]LightingResults: New page: Lighting Build
[2022.02.12-15.30.07:107][  0]LogWorld: UWorld::CleanupWorld for Untitled, bSessionEnded=true, bCleanupResources=true
[2022.02.12-15.30.07:107][  0]LogSlate: InvalidateAllWidgets triggered.  All widgets were invalidated
[2022.02.12-15.30.07:108][  0]MapCheck: New page: Map Check
[2022.02.12-15.30.07:108][  0]LightingResults: New page: Lighting Build
[2022.02.12-15.30.07:113][  0]LogAudio: Display: Audio Device unregistered from world 'None'.
[2022.02.12-15.30.07:116][  0]LogUObjectHash: Compacting FUObjectHashTables data took   0.87ms
[2022.02.12-15.30.07:188][  0]LogTexture: Display: Building textures: DeprecatedTextureEB9CBE3C423008B5E8E130901E171C89 (BGRA8, 128X128)
[2022.02.12-15.30.07:195][  0]LogAudio: Display: Audio Device (ID: 1) registered with world 'Untitled_1'.
[2022.02.12-15.30.07:197][  0]LogAIModule: Creating AISystem for world Untitled_1
[2022.02.12-15.30.07:200][  0]LogEditorServer: Finished looking for orphan Actors (0.000 secs)
[2022.02.12-15.30.07:209][  0]LogUObjectHash: Compacting FUObjectHashTables data took   1.03ms
[2022.02.12-15.30.07:209][  0]Cmd: MAP CHECKDEP NOCLEARLOG
[2022.02.12-15.30.07:210][  0]MapCheck: Map check complete: 0 Error(s), 0 Warning(s), took 0.347ms to complete.
[2022.02.12-15.30.07:210][  0]LogFileHelpers: Loading map 'Template_Default' took 0.104
[2022.02.12-15.30.07:213][  0]LogUnrealEdMisc: Total Editor Startup Time, took 11.437
[2022.02.12-15.30.07:369][  0]LogSlate: Updating window title bar state: overlay mode, drag disabled, window buttons hidden, title bar hidden
[2022.02.12-15.30.07:380][  0]LogSlate: Updating window title bar state: overlay mode, drag disabled, window buttons hidden, title bar hidden
[2022.02.12-15.30.07:389][  0]LogSlate: Updating window title bar state: overlay mode, drag disabled, window buttons hidden, title bar hidden
[2022.02.12-15.30.07:398][  0]LogSlate: Updating window title bar state: overlay mode, drag disabled, window buttons hidden, title bar hidden
[2022.02.12-15.30.07:416][  0]LogNativeClassHierarchy: Verbose: Native class hierarchy populated in 0.0110 seconds. Added 3823 classes and 930 folders.
[2022.02.12-15.30.07:419][  0]LogNativeClassHierarchy: Verbose: Native class hierarchy updated for 'WidgetCarousel' in 0.0003 seconds. Added 0 classes and 0 folders.
[2022.02.12-15.30.07:421][  0]LogPakFile: PakFile PrimaryIndexSize=187
[2022.02.12-15.30.07:421][  0]LogPakFile: PakFile PathHashIndexSize=101
[2022.02.12-15.30.07:421][  0]LogPakFile: PakFile FullDirectoryIndexSize=148
[2022.02.12-15.30.07:421][  0]LogShaderLibrary: Display: ShaderCodeLibraryPakFileMountedCallback: PakFile 'C:/Program Files/Epic Games/UE_4.27/FeaturePacks/FP_FirstPerson.upack' (chunk index -1, root 'root:/') mounted
[2022.02.12-15.30.07:421][  0]LogShaderLibrary: Display: ShaderCodeLibraryPakFileMountedCallback: pending pak file info (ChunkID:-1 Root:root:/ File:C:/Program Files/Epic Games/UE_4.27/FeaturePacks/FP_FirstPerson.upack)
[2022.02.12-15.30.07:421][  0]LogPakFile: OnPakFileMounted2Time == 0.000072
[2022.02.12-15.30.07:422][  0]LogPakFile: PakFile PrimaryIndexSize=189
[2022.02.12-15.30.07:422][  0]LogPakFile: PakFile PathHashIndexSize=101
[2022.02.12-15.30.07:422][  0]LogPakFile: PakFile FullDirectoryIndexSize=152
[2022.02.12-15.30.07:422][  0]LogShaderLibrary: Display: ShaderCodeLibraryPakFileMountedCallback: PakFile 'C:/Program Files/Epic Games/UE_4.27/FeaturePacks/FP_FirstPersonBP.upack' (chunk index -1, root 'root:/') mounted
[2022.02.12-15.30.07:422][  0]LogShaderLibrary: Display: ShaderCodeLibraryPakFileMountedCallback: pending pak file info (ChunkID:-1 Root:root:/ File:C:/Program Files/Epic Games/UE_4.27/FeaturePacks/FP_FirstPersonBP.upack)
[2022.02.12-15.30.07:422][  0]LogPakFile: OnPakFileMounted2Time == 0.000043
[2022.02.12-15.30.07:423][  0]LogPakFile: PakFile PrimaryIndexSize=191
[2022.02.12-15.30.07:423][  0]LogPakFile: PakFile PathHashIndexSize=101
[2022.02.12-15.30.07:423][  0]LogPakFile: PakFile FullDirectoryIndexSize=160
[2022.02.12-15.30.07:423][  0]LogShaderLibrary: Display: ShaderCodeLibraryPakFileMountedCallback: PakFile 'C:/Program Files/Epic Games/UE_4.27/FeaturePacks/MobileStarterContent.upack' (chunk index -1, root 'root:/') mounted
[2022.02.12-15.30.07:423][  0]LogShaderLibrary: Display: ShaderCodeLibraryPakFileMountedCallback: pending pak file info (ChunkID:-1 Root:root:/ File:C:/Program Files/Epic Games/UE_4.27/FeaturePacks/MobileStarterContent.upack)
[2022.02.12-15.30.07:423][  0]LogPakFile: OnPakFileMounted2Time == 0.000084
[2022.02.12-15.30.07:424][  0]LogPakFile: PakFile PrimaryIndexSize=185
[2022.02.12-15.30.07:424][  0]LogPakFile: PakFile PathHashIndexSize=101
[2022.02.12-15.30.07:424][  0]LogPakFile: PakFile FullDirectoryIndexSize=148
[2022.02.12-15.30.07:424][  0]LogShaderLibrary: Display: ShaderCodeLibraryPakFileMountedCallback: PakFile 'C:/Program Files/Epic Games/UE_4.27/FeaturePacks/StarterContent.upack' (chunk index -1, root 'root:/') mounted
[2022.02.12-15.30.07:424][  0]LogShaderLibrary: Display: ShaderCodeLibraryPakFileMountedCallback: pending pak file info (ChunkID:-1 Root:root:/ File:C:/Program Files/Epic Games/UE_4.27/FeaturePacks/StarterContent.upack)
[2022.02.12-15.30.07:424][  0]LogPakFile: OnPakFileMounted2Time == 0.000051
[2022.02.12-15.30.07:425][  0]LogPakFile: PakFile PrimaryIndexSize=190
[2022.02.12-15.30.07:425][  0]LogPakFile: PakFile PathHashIndexSize=101
[2022.02.12-15.30.07:425][  0]LogPakFile: PakFile FullDirectoryIndexSize=154
[2022.02.12-15.30.07:425][  0]LogShaderLibrary: Display: ShaderCodeLibraryPakFileMountedCallback: PakFile 'C:/Program Files/Epic Games/UE_4.27/FeaturePacks/TP_2DSideScroller.upack' (chunk index -1, root 'root:/') mounted
[2022.02.12-15.30.07:425][  0]LogShaderLibrary: Display: ShaderCodeLibraryPakFileMountedCallback: pending pak file info (ChunkID:-1 Root:root:/ File:C:/Program Files/Epic Games/UE_4.27/FeaturePacks/TP_2DSideScroller.upack)
[2022.02.12-15.30.07:425][  0]LogPakFile: OnPakFileMounted2Time == 0.000089
[2022.02.12-15.30.07:425][  0]LogPakFile: PakFile PrimaryIndexSize=192
[2022.02.12-15.30.07:426][  0]LogPakFile: PakFile PathHashIndexSize=101
[2022.02.12-15.30.07:426][  0]LogPakFile: PakFile FullDirectoryIndexSize=158
[2022.02.12-15.30.07:426][  0]LogShaderLibrary: Display: ShaderCodeLibraryPakFileMountedCallback: PakFile 'C:/Program Files/Epic Games/UE_4.27/FeaturePacks/TP_2DSideScrollerBP.upack' (chunk index -1, root 'root:/') mounted
[2022.02.12-15.30.07:426][  0]LogShaderLibrary: Display: ShaderCodeLibraryPakFileMountedCallback: pending pak file info (ChunkID:-1 Root:root:/ File:C:/Program Files/Epic Games/UE_4.27/FeaturePacks/TP_2DSideScrollerBP.upack)
[2022.02.12-15.30.07:426][  0]LogPakFile: OnPakFileMounted2Time == 0.000052
[2022.02.12-15.30.07:426][  0]LogPakFile: PakFile PrimaryIndexSize=182
[2022.02.12-15.30.07:426][  0]LogPakFile: PakFile PathHashIndexSize=101
[2022.02.12-15.30.07:426][  0]LogPakFile: PakFile FullDirectoryIndexSize=138
[2022.02.12-15.30.07:426][  0]LogShaderLibrary: Display: ShaderCodeLibraryPakFileMountedCallback: PakFile 'C:/Program Files/Epic Games/UE_4.27/FeaturePacks/TP_Flying.upack' (chunk index -1, root 'root:/') mounted
[2022.02.12-15.30.07:426][  0]LogShaderLibrary: Display: ShaderCodeLibraryPakFileMountedCallback: pending pak file info (ChunkID:-1 Root:root:/ File:C:/Program Files/Epic Games/UE_4.27/FeaturePacks/TP_Flying.upack)
[2022.02.12-15.30.07:426][  0]LogPakFile: OnPakFileMounted2Time == 0.000039
[2022.02.12-15.30.07:427][  0]LogPakFile: PakFile PrimaryIndexSize=184
[2022.02.12-15.30.07:427][  0]LogPakFile: PakFile PathHashIndexSize=101
[2022.02.12-15.30.07:427][  0]LogPakFile: PakFile FullDirectoryIndexSize=142
[2022.02.12-15.30.07:427][  0]LogShaderLibrary: Display: ShaderCodeLibraryPakFileMountedCallback: PakFile 'C:/Program Files/Epic Games/UE_4.27/FeaturePacks/TP_FlyingBP.upack' (chunk index -1, root 'root:/') mounted
[2022.02.12-15.30.07:427][  0]LogShaderLibrary: Display: ShaderCodeLibraryPakFileMountedCallback: pending pak file info (ChunkID:-1 Root:root:/ File:C:/Program Files/Epic Games/UE_4.27/FeaturePacks/TP_FlyingBP.upack)
[2022.02.12-15.30.07:427][  0]LogPakFile: OnPakFileMounted2Time == 0.000038
[2022.02.12-15.30.07:428][  0]LogPakFile: PakFile PrimaryIndexSize=188
[2022.02.12-15.30.07:428][  0]LogPakFile: PakFile PathHashIndexSize=101
[2022.02.12-15.30.07:428][  0]LogPakFile: PakFile FullDirectoryIndexSize=150
[2022.02.12-15.30.07:428][  0]LogShaderLibrary: Display: ShaderCodeLibraryPakFileMountedCallback: PakFile 'C:/Program Files/Epic Games/UE_4.27/FeaturePacks/TP_HandheldARBP.upack' (chunk index -1, root 'root:/') mounted
[2022.02.12-15.30.07:428][  0]LogShaderLibrary: Display: ShaderCodeLibraryPakFileMountedCallback: pending pak file info (ChunkID:-1 Root:root:/ File:C:/Program Files/Epic Games/UE_4.27/FeaturePacks/TP_HandheldARBP.upack)
[2022.02.12-15.30.07:428][  0]LogPakFile: OnPakFileMounted2Time == 0.000037
[2022.02.12-15.30.07:429][  0]LogPakFile: PakFile PrimaryIndexSize=182
[2022.02.12-15.30.07:429][  0]LogPakFile: PakFile PathHashIndexSize=101
[2022.02.12-15.30.07:429][  0]LogPakFile: PakFile FullDirectoryIndexSize=138
[2022.02.12-15.30.07:429][  0]LogShaderLibrary: Display: ShaderCodeLibraryPakFileMountedCallback: PakFile 'C:/Program Files/Epic Games/UE_4.27/FeaturePacks/TP_Puzzle.upack' (chunk index -1, root 'root:/') mounted
[2022.02.12-15.30.07:429][  0]LogShaderLibrary: Display: ShaderCodeLibraryPakFileMountedCallback: pending pak file info (ChunkID:-1 Root:root:/ File:C:/Program Files/Epic Games/UE_4.27/FeaturePacks/TP_Puzzle.upack)
[2022.02.12-15.30.07:429][  0]LogPakFile: OnPakFileMounted2Time == 0.000038
[2022.02.12-15.30.07:429][  0]LogPakFile: PakFile PrimaryIndexSize=184
[2022.02.12-15.30.07:429][  0]LogPakFile: PakFile PathHashIndexSize=101
[2022.02.12-15.30.07:429][  0]LogPakFile: PakFile FullDirectoryIndexSize=142
[2022.02.12-15.30.07:429][  0]LogShaderLibrary: Display: ShaderCodeLibraryPakFileMountedCallback: PakFile 'C:/Program Files/Epic Games/UE_4.27/FeaturePacks/TP_PuzzleBP.upack' (chunk index -1, root 'root:/') mounted
[2022.02.12-15.30.07:429][  0]LogShaderLibrary: Display: ShaderCodeLibraryPakFileMountedCallback: pending pak file info (ChunkID:-1 Root:root:/ File:C:/Program Files/Epic Games/UE_4.27/FeaturePacks/TP_PuzzleBP.upack)
[2022.02.12-15.30.07:429][  0]LogPakFile: OnPakFileMounted2Time == 0.000041
[2022.02.12-15.30.07:430][  0]LogPakFile: PakFile PrimaryIndexSize=183
[2022.02.12-15.30.07:430][  0]LogPakFile: PakFile PathHashIndexSize=101
[2022.02.12-15.30.07:430][  0]LogPakFile: PakFile FullDirectoryIndexSize=140
[2022.02.12-15.30.07:430][  0]LogShaderLibrary: Display: ShaderCodeLibraryPakFileMountedCallback: PakFile 'C:/Program Files/Epic Games/UE_4.27/FeaturePacks/TP_Rolling.upack' (chunk index -1, root 'root:/') mounted
[2022.02.12-15.30.07:430][  0]LogShaderLibrary: Display: ShaderCodeLibraryPakFileMountedCallback: pending pak file info (ChunkID:-1 Root:root:/ File:C:/Program Files/Epic Games/UE_4.27/FeaturePacks/TP_Rolling.upack)
[2022.02.12-15.30.07:430][  0]LogPakFile: OnPakFileMounted2Time == 0.000040
[2022.02.12-15.30.07:431][  0]LogPakFile: PakFile PrimaryIndexSize=185
[2022.02.12-15.30.07:431][  0]LogPakFile: PakFile PathHashIndexSize=101
[2022.02.12-15.30.07:431][  0]LogPakFile: PakFile FullDirectoryIndexSize=144
[2022.02.12-15.30.07:431][  0]LogShaderLibrary: Display: ShaderCodeLibraryPakFileMountedCallback: PakFile 'C:/Program Files/Epic Games/UE_4.27/FeaturePacks/TP_RollingBP.upack' (chunk index -1, root 'root:/') mounted
[2022.02.12-15.30.07:431][  0]LogShaderLibrary: Display: ShaderCodeLibraryPakFileMountedCallback: pending pak file info (ChunkID:-1 Root:root:/ File:C:/Program Files/Epic Games/UE_4.27/FeaturePacks/TP_RollingBP.upack)
[2022.02.12-15.30.07:431][  0]LogPakFile: OnPakFileMounted2Time == 0.000039
[2022.02.12-15.30.07:431][  0]LogPakFile: PakFile PrimaryIndexSize=188
[2022.02.12-15.30.07:431][  0]LogPakFile: PakFile PathHashIndexSize=101
[2022.02.12-15.30.07:431][  0]LogPakFile: PakFile FullDirectoryIndexSize=150
[2022.02.12-15.30.07:431][  0]LogShaderLibrary: Display: ShaderCodeLibraryPakFileMountedCallback: PakFile 'C:/Program Files/Epic Games/UE_4.27/FeaturePacks/TP_SideScroller.upack' (chunk index -1, root 'root:/') mounted
[2022.02.12-15.30.07:431][  0]LogShaderLibrary: Display: ShaderCodeLibraryPakFileMountedCallback: pending pak file info (ChunkID:-1 Root:root:/ File:C:/Program Files/Epic Games/UE_4.27/FeaturePacks/TP_SideScroller.upack)
[2022.02.12-15.30.07:431][  0]LogPakFile: OnPakFileMounted2Time == 0.000037
[2022.02.12-15.30.07:432][  0]LogPakFile: PakFile PrimaryIndexSize=190
[2022.02.12-15.30.07:432][  0]LogPakFile: PakFile PathHashIndexSize=101
[2022.02.12-15.30.07:432][  0]LogPakFile: PakFile FullDirectoryIndexSize=154
[2022.02.12-15.30.07:432][  0]LogShaderLibrary: Display: ShaderCodeLibraryPakFileMountedCallback: PakFile 'C:/Program Files/Epic Games/UE_4.27/FeaturePacks/TP_SideScrollerBP.upack' (chunk index -1, root 'root:/') mounted
[2022.02.12-15.30.07:432][  0]LogShaderLibrary: Display: ShaderCodeLibraryPakFileMountedCallback: pending pak file info (ChunkID:-1 Root:root:/ File:C:/Program Files/Epic Games/UE_4.27/FeaturePacks/TP_SideScrollerBP.upack)
[2022.02.12-15.30.07:432][  0]LogPakFile: OnPakFileMounted2Time == 0.000038
[2022.02.12-15.30.07:433][  0]LogPakFile: PakFile PrimaryIndexSize=187
[2022.02.12-15.30.07:433][  0]LogPakFile: PakFile PathHashIndexSize=101
[2022.02.12-15.30.07:433][  0]LogPakFile: PakFile FullDirectoryIndexSize=148
[2022.02.12-15.30.07:433][  0]LogShaderLibrary: Display: ShaderCodeLibraryPakFileMountedCallback: PakFile 'C:/Program Files/Epic Games/UE_4.27/FeaturePacks/TP_ThirdPerson.upack' (chunk index -1, root 'root:/') mounted
[2022.02.12-15.30.07:433][  0]LogShaderLibrary: Display: ShaderCodeLibraryPakFileMountedCallback: pending pak file info (ChunkID:-1 Root:root:/ File:C:/Program Files/Epic Games/UE_4.27/FeaturePacks/TP_ThirdPerson.upack)
[2022.02.12-15.30.07:433][  0]LogPakFile: OnPakFileMounted2Time == 0.000037
[2022.02.12-15.30.07:433][  0]LogPakFile: PakFile PrimaryIndexSize=189
[2022.02.12-15.30.07:433][  0]LogPakFile: PakFile PathHashIndexSize=101
[2022.02.12-15.30.07:433][  0]LogPakFile: PakFile FullDirectoryIndexSize=152
[2022.02.12-15.30.07:433][  0]LogShaderLibrary: Display: ShaderCodeLibraryPakFileMountedCallback: PakFile 'C:/Program Files/Epic Games/UE_4.27/FeaturePacks/TP_ThirdPersonBP.upack' (chunk index -1, root 'root:/') mounted
[2022.02.12-15.30.07:433][  0]LogShaderLibrary: Display: ShaderCodeLibraryPakFileMountedCallback: pending pak file info (ChunkID:-1 Root:root:/ File:C:/Program Files/Epic Games/UE_4.27/FeaturePacks/TP_ThirdPersonBP.upack)
[2022.02.12-15.30.07:433][  0]LogPakFile: OnPakFileMounted2Time == 0.000037
[2022.02.12-15.30.07:434][  0]LogPakFile: PakFile PrimaryIndexSize=183
[2022.02.12-15.30.07:434][  0]LogPakFile: PakFile PathHashIndexSize=101
[2022.02.12-15.30.07:434][  0]LogPakFile: PakFile FullDirectoryIndexSize=140
[2022.02.12-15.30.07:434][  0]LogShaderLibrary: Display: ShaderCodeLibraryPakFileMountedCallback: PakFile 'C:/Program Files/Epic Games/UE_4.27/FeaturePacks/TP_TopDown.upack' (chunk index -1, root 'root:/') mounted
[2022.02.12-15.30.07:434][  0]LogShaderLibrary: Display: ShaderCodeLibraryPakFileMountedCallback: pending pak file info (ChunkID:-1 Root:root:/ File:C:/Program Files/Epic Games/UE_4.27/FeaturePacks/TP_TopDown.upack)
[2022.02.12-15.30.07:434][  0]LogPakFile: OnPakFileMounted2Time == 0.000048
[2022.02.12-15.30.07:435][  0]LogPakFile: PakFile PrimaryIndexSize=185
[2022.02.12-15.30.07:435][  0]LogPakFile: PakFile PathHashIndexSize=101
[2022.02.12-15.30.07:435][  0]LogPakFile: PakFile FullDirectoryIndexSize=144
[2022.02.12-15.30.07:435][  0]LogShaderLibrary: Display: ShaderCodeLibraryPakFileMountedCallback: PakFile 'C:/Program Files/Epic Games/UE_4.27/FeaturePacks/TP_TopDownBP.upack' (chunk index -1, root 'root:/') mounted
[2022.02.12-15.30.07:435][  0]LogShaderLibrary: Display: ShaderCodeLibraryPakFileMountedCallback: pending pak file info (ChunkID:-1 Root:root:/ File:C:/Program Files/Epic Games/UE_4.27/FeaturePacks/TP_TopDownBP.upack)
[2022.02.12-15.30.07:435][  0]LogPakFile: OnPakFileMounted2Time == 0.000044
[2022.02.12-15.30.07:436][  0]LogPakFile: PakFile PrimaryIndexSize=185
[2022.02.12-15.30.07:436][  0]LogPakFile: PakFile PathHashIndexSize=101
[2022.02.12-15.30.07:436][  0]LogPakFile: PakFile FullDirectoryIndexSize=144
[2022.02.12-15.30.07:436][  0]LogShaderLibrary: Display: ShaderCodeLibraryPakFileMountedCallback: PakFile 'C:/Program Files/Epic Games/UE_4.27/FeaturePacks/TP_TwinStick.upack' (chunk index -1, root 'root:/') mounted
[2022.02.12-15.30.07:436][  0]LogShaderLibrary: Display: ShaderCodeLibraryPakFileMountedCallback: pending pak file info (ChunkID:-1 Root:root:/ File:C:/Program Files/Epic Games/UE_4.27/FeaturePacks/TP_TwinStick.upack)
[2022.02.12-15.30.07:436][  0]LogPakFile: OnPakFileMounted2Time == 0.000037
[2022.02.12-15.30.07:436][  0]LogPakFile: PakFile PrimaryIndexSize=187
[2022.02.12-15.30.07:436][  0]LogPakFile: PakFile PathHashIndexSize=101
[2022.02.12-15.30.07:436][  0]LogPakFile: PakFile FullDirectoryIndexSize=148
[2022.02.12-15.30.07:436][  0]LogShaderLibrary: Display: ShaderCodeLibraryPakFileMountedCallback: PakFile 'C:/Program Files/Epic Games/UE_4.27/FeaturePacks/TP_TwinStickBP.upack' (chunk index -1, root 'root:/') mounted
[2022.02.12-15.30.07:436][  0]LogShaderLibrary: Display: ShaderCodeLibraryPakFileMountedCallback: pending pak file info (ChunkID:-1 Root:root:/ File:C:/Program Files/Epic Games/UE_4.27/FeaturePacks/TP_TwinStickBP.upack)
[2022.02.12-15.30.07:436][  0]LogPakFile: OnPakFileMounted2Time == 0.000037
[2022.02.12-15.30.07:437][  0]LogPakFile: PakFile PrimaryIndexSize=183
[2022.02.12-15.30.07:437][  0]LogPakFile: PakFile PathHashIndexSize=101
[2022.02.12-15.30.07:437][  0]LogPakFile: PakFile FullDirectoryIndexSize=140
[2022.02.12-15.30.07:437][  0]LogShaderLibrary: Display: ShaderCodeLibraryPakFileMountedCallback: PakFile 'C:/Program Files/Epic Games/UE_4.27/FeaturePacks/TP_Vehicle.upack' (chunk index -1, root 'root:/') mounted
[2022.02.12-15.30.07:437][  0]LogShaderLibrary: Display: ShaderCodeLibraryPakFileMountedCallback: pending pak file info (ChunkID:-1 Root:root:/ File:C:/Program Files/Epic Games/UE_4.27/FeaturePacks/TP_Vehicle.upack)
[2022.02.12-15.30.07:437][  0]LogPakFile: OnPakFileMounted2Time == 0.000037
[2022.02.12-15.30.07:438][  0]LogPakFile: PakFile PrimaryIndexSize=186
[2022.02.12-15.30.07:438][  0]LogPakFile: PakFile PathHashIndexSize=101
[2022.02.12-15.30.07:438][  0]LogPakFile: PakFile FullDirectoryIndexSize=146
[2022.02.12-15.30.07:438][  0]LogShaderLibrary: Display: ShaderCodeLibraryPakFileMountedCallback: PakFile 'C:/Program Files/Epic Games/UE_4.27/FeaturePacks/TP_VehicleAdv.upack' (chunk index -1, root 'root:/') mounted
[2022.02.12-15.30.07:438][  0]LogShaderLibrary: Display: ShaderCodeLibraryPakFileMountedCallback: pending pak file info (ChunkID:-1 Root:root:/ File:C:/Program Files/Epic Games/UE_4.27/FeaturePacks/TP_VehicleAdv.upack)
[2022.02.12-15.30.07:438][  0]LogPakFile: OnPakFileMounted2Time == 0.000047
[2022.02.12-15.30.07:438][  0]LogPakFile: PakFile PrimaryIndexSize=188
[2022.02.12-15.30.07:438][  0]LogPakFile: PakFile PathHashIndexSize=101
[2022.02.12-15.30.07:438][  0]LogPakFile: PakFile FullDirectoryIndexSize=150
[2022.02.12-15.30.07:439][  0]LogShaderLibrary: Display: ShaderCodeLibraryPakFileMountedCallback: PakFile 'C:/Program Files/Epic Games/UE_4.27/FeaturePacks/TP_VehicleAdvBP.upack' (chunk index -1, root 'root:/') mounted
[2022.02.12-15.30.07:439][  0]LogShaderLibrary: Display: ShaderCodeLibraryPakFileMountedCallback: pending pak file info (ChunkID:-1 Root:root:/ File:C:/Program Files/Epic Games/UE_4.27/FeaturePacks/TP_VehicleAdvBP.upack)
[2022.02.12-15.30.07:439][  0]LogPakFile: OnPakFileMounted2Time == 0.000066
[2022.02.12-15.30.07:440][  0]LogPakFile: PakFile PrimaryIndexSize=185
[2022.02.12-15.30.07:440][  0]LogPakFile: PakFile PathHashIndexSize=101
[2022.02.12-15.30.07:440][  0]LogPakFile: PakFile FullDirectoryIndexSize=144
[2022.02.12-15.30.07:440][  0]LogShaderLibrary: Display: ShaderCodeLibraryPakFileMountedCallback: PakFile 'C:/Program Files/Epic Games/UE_4.27/FeaturePacks/TP_VehicleBP.upack' (chunk index -1, root 'root:/') mounted
[2022.02.12-15.30.07:440][  0]LogShaderLibrary: Display: ShaderCodeLibraryPakFileMountedCallback: pending pak file info (ChunkID:-1 Root:root:/ File:C:/Program Files/Epic Games/UE_4.27/FeaturePacks/TP_VehicleBP.upack)
[2022.02.12-15.30.07:440][  0]LogPakFile: OnPakFileMounted2Time == 0.000094
[2022.02.12-15.30.07:441][  0]LogPakFile: PakFile PrimaryIndexSize=192
[2022.02.12-15.30.07:441][  0]LogPakFile: PakFile PathHashIndexSize=101
[2022.02.12-15.30.07:441][  0]LogPakFile: PakFile FullDirectoryIndexSize=158
[2022.02.12-15.30.07:441][  0]LogShaderLibrary: Display: ShaderCodeLibraryPakFileMountedCallback: PakFile 'C:/Program Files/Epic Games/UE_4.27/FeaturePacks/TP_VirtualRealityBP.upack' (chunk index -1, root 'root:/') mounted
[2022.02.12-15.30.07:441][  0]LogShaderLibrary: Display: ShaderCodeLibraryPakFileMountedCallback: pending pak file info (ChunkID:-1 Root:root:/ File:C:/Program Files/Epic Games/UE_4.27/FeaturePacks/TP_VirtualRealityBP.upack)
[2022.02.12-15.30.07:441][  0]LogPakFile: OnPakFileMounted2Time == 0.000083
[2022.02.12-15.30.07:504][  0]LogNativeClassHierarchy: Verbose: Native class hierarchy updated for 'AddContentDialog' in 0.0004 seconds. Added 0 classes and 0 folders.
[2022.02.12-15.30.07:505][  0]LogNativeClassHierarchy: Verbose: Native class hierarchy updated for 'SceneOutliner' in 0.0005 seconds. Added 2 classes and 0 folders.
[2022.02.12-15.30.07:557][  0]LogSlate: Took 0.000341 seconds to synchronously load lazily loaded font '../../../Engine/Content/Slate/Fonts/Roboto-Regular.ttf' (155K)
[2022.02.12-15.30.07:560][  0]LogSlate: Took 0.001736 seconds to synchronously load lazily loaded font '../../../Engine/Content/Editor/Slate/Fonts/FontAwesome.ttf' (139K)
[2022.02.12-15.30.07:561][  0]LogSlate: Took 0.000162 seconds to synchronously load lazily loaded font '../../../Engine/Content/Slate/Fonts/Roboto-Bold.ttf' (160K)
[2022.02.12-15.30.07:684][  0]LogRenderer: Reallocating scene render targets to support 932x432 Format 10 NumSamples 1 (Frame:1).
[2022.02.12-15.30.07:779][  0]LogNativeClassHierarchy: Verbose: Native class hierarchy updated for 'HierarchicalLODOutliner' in 0.0003 seconds. Added 0 classes and 0 folders.
[2022.02.12-15.30.07:779][  0]LogLoad: (Engine Initialization) Total time: 12.00 seconds
[2022.02.12-15.30.07:779][  0]LogLoad: (Engine Initialization) Total Blueprint compile time: 0.00 seconds
[2022.02.12-15.30.07:890][  0]LogAssetRegistry: Asset discovery search completed in 6.8031 seconds
[2022.02.12-15.30.07:898][  0]LogCollectionManager: Fixed up redirectors for 0 collections in 0.000005 seconds (updated 0 objects)
[2022.02.12-15.30.07:898][  0]LogContentStreaming: Texture pool size now 1000 MB
